Built target ament_cmake_python_symlink_scripts
running egg_info
writing scripts.egg-info/PKG-INFO
writing dependency_links to scripts.egg-info/dependency_links.txt
writing top-level names to scripts.egg-info/top_level.txt
reading manifest file 'scripts.egg-info/SOURCES.txt'
writing manifest file 'scripts.egg-info/SOURCES.txt'
Built target ament_cmake_python_build_scripts_egg
-- Install configuration: ""
-- Execute custom install script
-- Up-to-date symlink: /home/laksri/Projects/Jimmy/install/waling_algorithm/share/waling_algorithm/environment/pythonpath.sh
-- Up-to-date symlink: /home/laksri/Projects/Jimmy/install/waling_algorithm/share/waling_algorithm/environment/pythonpath.dsv
-- Up-to-date symlink: /home/laksri/Projects/Jimmy/install/waling_algorithm/local/lib/python3.10/dist-packages/scripts-0.0.0-py3.10.egg-info/PKG-INFO
-- Up-to-date symlink: /home/laksri/Projects/Jimmy/install/waling_algorithm/local/lib/python3.10/dist-packages/scripts-0.0.0-py3.10.egg-info/SOURCES.txt
-- Up-to-date symlink: /home/laksri/Projects/Jimmy/install/waling_algorithm/local/lib/python3.10/dist-packages/scripts-0.0.0-py3.10.egg-info/dependency_links.txt
-- Up-to-date symlink: /home/laksri/Projects/Jimmy/install/waling_algorithm/local/lib/python3.10/dist-packages/scripts-0.0.0-py3.10.egg-info/top_level.txt
-- Up-to-date symlink: /home/laksri/Projects/Jimmy/install/waling_algorithm/local/lib/python3.10/dist-packages/scripts/__init__.py
-- Up-to-date symlink: /home/laksri/Projects/Jimmy/install/waling_algorithm/local/lib/python3.10/dist-packages/scripts/publisher.py
-- Up-to-date symlink: /home/laksri/Projects/Jimmy/install/waling_algorithm/local/lib/python3.10/dist-packages/scripts/rpm_pub.py
-- Up-to-date symlink: /home/laksri/Projects/Jimmy/install/waling_algorithm/local/lib/python3.10/dist-packages/scripts/speed_clc.py
-- Up-to-date symlink: /home/laksri/Projects/Jimmy/install/waling_algorithm/local/lib/python3.10/dist-packages/scripts/subscriber.py
-- Up-to-date symlink: /home/laksri/Projects/Jimmy/install/waling_algorithm/lib/waling_algorithm/publisher.py
-- Up-to-date symlink: /home/laksri/Projects/Jimmy/install/waling_algorithm/lib/waling_algorithm/subscriber.py
-- Up-to-date symlink: /home/laksri/Projects/Jimmy/install/waling_algorithm/lib/waling_algorithm/rpm_pub.py
-- Up-to-date symlink: /home/laksri/Projects/Jimmy/install/waling_algorithm/lib/waling_algorithm/speed_clc.py
-- Up-to-date symlink: /home/laksri/Projects/Jimmy/install/waling_algorithm/share/ament_index/resource_index/package_run_dependencies/waling_algorithm
-- Up-to-date symlink: /home/laksri/Projects/Jimmy/install/waling_algorithm/share/ament_index/resource_index/parent_prefix_path/waling_algorithm
-- Up-to-date symlink: /home/laksri/Projects/Jimmy/install/waling_algorithm/share/waling_algorithm/environment/ament_prefix_path.sh
-- Up-to-date symlink: /home/laksri/Projects/Jimmy/install/waling_algorithm/share/waling_algorithm/environment/ament_prefix_path.dsv
-- Up-to-date symlink: /home/laksri/Projects/Jimmy/install/waling_algorithm/share/waling_algorithm/environment/path.sh
-- Up-to-date symlink: /home/laksri/Projects/Jimmy/install/waling_algorithm/share/waling_algorithm/environment/path.dsv
-- Up-to-date symlink: /home/laksri/Projects/Jimmy/install/waling_algorithm/share/waling_algorithm/local_setup.bash
-- Up-to-date symlink: /home/laksri/Projects/Jimmy/install/waling_algorithm/share/waling_algorithm/local_setup.sh
-- Up-to-date symlink: /home/laksri/Projects/Jimmy/install/waling_algorithm/share/waling_algorithm/local_setup.zsh
-- Up-to-date symlink: /home/laksri/Projects/Jimmy/install/waling_algorithm/share/waling_algorithm/local_setup.dsv
-- Symlinking: /home/laksri/Projects/Jimmy/install/waling_algorithm/share/waling_algorithm/package.dsv
-- Up-to-date symlink: /home/laksri/Projects/Jimmy/install/waling_algorithm/share/ament_index/resource_index/packages/waling_algorithm
-- Up-to-date symlink: /home/laksri/Projects/Jimmy/install/waling_algorithm/share/waling_algorithm/cmake/waling_algorithmConfig.cmake
-- Up-to-date symlink: /home/laksri/Projects/Jimmy/install/waling_algorithm/share/waling_algorithm/cmake/waling_algorithmConfig-version.cmake
-- Up-to-date symlink: /home/laksri/Projects/Jimmy/install/waling_algorithm/share/waling_algorithm/package.xml
Listing '/home/laksri/Projects/Jimmy/install/waling_algorithm/local/lib/python3.10/dist-packages/scripts'...
Compiling '/home/laksri/Projects/Jimmy/install/waling_algorithm/local/lib/python3.10/dist-packages/scripts/speed_clc.py'...
*** Sorry: IndentationError: unexpected indent (speed_clc.py, line 30)
Compiling '/home/laksri/Projects/Jimmy/install/waling_algorithm/local/lib/python3.10/dist-packages/scripts/subscriber.py'...
*** Sorry: IndentationError: unexpected indent (subscriber.py, line 17)
