[0.179s] Invoking command in '/home/laksri/Projects/Jimmy/build/waling_algorithm': CMAKE_PREFIX_PATH=/home/laksri/Projects/RosTest/install/RosTest1:/opt/ros/humble /usr/bin/cmake --build /home/laksri/Projects/Jimmy/build/waling_algorithm -- -j16 -l16
[0.208s] Built target ament_cmake_python_symlink_scripts
[0.334s] running egg_info
[0.334s] writing scripts.egg-info/PKG-INFO
[0.334s] writing dependency_links to scripts.egg-info/dependency_links.txt
[0.334s] writing top-level names to scripts.egg-info/top_level.txt
[0.335s] reading manifest file 'scripts.egg-info/SOURCES.txt'
[0.335s] writing manifest file 'scripts.egg-info/SOURCES.txt'
[0.351s] Built target ament_cmake_python_build_scripts_egg
[0.359s] Invoked command in '/home/laksri/Projects/Jimmy/build/waling_algorithm' returned '0': CMAKE_PREFIX_PATH=/home/laksri/Projects/RosTest/install/RosTest1:/opt/ros/humble /usr/bin/cmake --build /home/laksri/Projects/Jimmy/build/waling_algorithm -- -j16 -l16
[0.378s] Invoking command in '/home/laksri/Projects/Jimmy/build/waling_algorithm': CMAKE_PREFIX_PATH=/home/laksri/Projects/RosTest/install/RosTest1:/opt/ros/humble /usr/bin/cmake --install /home/laksri/Projects/Jimmy/build/waling_algorithm
[0.382s] -- Install configuration: ""
[0.382s] -- Execute custom install script
[0.382s] -- Up-to-date symlink: /home/laksri/Projects/Jimmy/install/waling_algorithm/share/waling_algorithm/environment/pythonpath.sh
[0.382s] -- Up-to-date symlink: /home/laksri/Projects/Jimmy/install/waling_algorithm/share/waling_algorithm/environment/pythonpath.dsv
[0.382s] -- Up-to-date symlink: /home/laksri/Projects/Jimmy/install/waling_algorithm/local/lib/python3.10/dist-packages/scripts-0.0.0-py3.10.egg-info/PKG-INFO
[0.383s] -- Up-to-date symlink: /home/laksri/Projects/Jimmy/install/waling_algorithm/local/lib/python3.10/dist-packages/scripts-0.0.0-py3.10.egg-info/SOURCES.txt
[0.383s] -- Up-to-date symlink: /home/laksri/Projects/Jimmy/install/waling_algorithm/local/lib/python3.10/dist-packages/scripts-0.0.0-py3.10.egg-info/dependency_links.txt
[0.383s] -- Up-to-date symlink: /home/laksri/Projects/Jimmy/install/waling_algorithm/local/lib/python3.10/dist-packages/scripts-0.0.0-py3.10.egg-info/top_level.txt
[0.383s] -- Up-to-date symlink: /home/laksri/Projects/Jimmy/install/waling_algorithm/local/lib/python3.10/dist-packages/scripts/__init__.py
[0.383s] -- Up-to-date symlink: /home/laksri/Projects/Jimmy/install/waling_algorithm/local/lib/python3.10/dist-packages/scripts/publisher.py
[0.383s] -- Up-to-date symlink: /home/laksri/Projects/Jimmy/install/waling_algorithm/local/lib/python3.10/dist-packages/scripts/rpm_pub.py
[0.383s] -- Up-to-date symlink: /home/laksri/Projects/Jimmy/install/waling_algorithm/local/lib/python3.10/dist-packages/scripts/speed_clc.py
[0.383s] -- Up-to-date symlink: /home/laksri/Projects/Jimmy/install/waling_algorithm/local/lib/python3.10/dist-packages/scripts/subscriber.py
[0.383s] -- Up-to-date symlink: /home/laksri/Projects/Jimmy/install/waling_algorithm/lib/waling_algorithm/publisher.py
[0.383s] -- Up-to-date symlink: /home/laksri/Projects/Jimmy/install/waling_algorithm/lib/waling_algorithm/subscriber.py
[0.383s] -- Up-to-date symlink: /home/laksri/Projects/Jimmy/install/waling_algorithm/lib/waling_algorithm/rpm_pub.py
[0.383s] -- Up-to-date symlink: /home/laksri/Projects/Jimmy/install/waling_algorithm/lib/waling_algorithm/speed_clc.py
[0.383s] -- Up-to-date symlink: /home/laksri/Projects/Jimmy/install/waling_algorithm/share/ament_index/resource_index/package_run_dependencies/waling_algorithm
[0.383s] -- Up-to-date symlink: /home/laksri/Projects/Jimmy/install/waling_algorithm/share/ament_index/resource_index/parent_prefix_path/waling_algorithm
[0.383s] -- Up-to-date symlink: /home/laksri/Projects/Jimmy/install/waling_algorithm/share/waling_algorithm/environment/ament_prefix_path.sh
[0.383s] -- Up-to-date symlink: /home/laksri/Projects/Jimmy/install/waling_algorithm/share/waling_algorithm/environment/ament_prefix_path.dsv
[0.384s] -- Up-to-date symlink: /home/laksri/Projects/Jimmy/install/waling_algorithm/share/waling_algorithm/environment/path.sh
[0.384s] -- Up-to-date symlink: /home/laksri/Projects/Jimmy/install/waling_algorithm/share/waling_algorithm/environment/path.dsv
[0.385s] -- Up-to-date symlink: /home/laksri/Projects/Jimmy/install/waling_algorithm/share/waling_algorithm/local_setup.bash
[0.385s] -- Up-to-date symlink: /home/laksri/Projects/Jimmy/install/waling_algorithm/share/waling_algorithm/local_setup.sh
[0.385s] -- Up-to-date symlink: /home/laksri/Projects/Jimmy/install/waling_algorithm/share/waling_algorithm/local_setup.zsh
[0.385s] -- Up-to-date symlink: /home/laksri/Projects/Jimmy/install/waling_algorithm/share/waling_algorithm/local_setup.dsv
[0.385s] -- Symlinking: /home/laksri/Projects/Jimmy/install/waling_algorithm/share/waling_algorithm/package.dsv
[0.390s] -- Up-to-date symlink: /home/laksri/Projects/Jimmy/install/waling_algorithm/share/ament_index/resource_index/packages/waling_algorithm
[0.390s] -- Up-to-date symlink: /home/laksri/Projects/Jimmy/install/waling_algorithm/share/waling_algorithm/cmake/waling_algorithmConfig.cmake
[0.390s] -- Up-to-date symlink: /home/laksri/Projects/Jimmy/install/waling_algorithm/share/waling_algorithm/cmake/waling_algorithmConfig-version.cmake
[0.390s] -- Up-to-date symlink: /home/laksri/Projects/Jimmy/install/waling_algorithm/share/waling_algorithm/package.xml
[0.408s] Listing '/home/laksri/Projects/Jimmy/install/waling_algorithm/local/lib/python3.10/dist-packages/scripts'...
[0.408s] Compiling '/home/laksri/Projects/Jimmy/install/waling_algorithm/local/lib/python3.10/dist-packages/scripts/speed_clc.py'...
[0.408s] *** Sorry: IndentationError: unexpected indent (speed_clc.py, line 30)
[0.408s] Compiling '/home/laksri/Projects/Jimmy/install/waling_algorithm/local/lib/python3.10/dist-packages/scripts/subscriber.py'...
[0.408s] *** Sorry: IndentationError: unexpected indent (subscriber.py, line 17)
[0.412s] Invoked command in '/home/laksri/Projects/Jimmy/build/waling_algorithm' returned '0': CMAKE_PREFIX_PATH=/home/laksri/Projects/RosTest/install/RosTest1:/opt/ros/humble /usr/bin/cmake --install /home/laksri/Projects/Jimmy/build/waling_algorithm
