[0.430s] DEBUG:colcon:Command line arguments: ['/usr/bin/colcon', 'build', '--symlink-install']
[0.430s] DEBUG:colcon:Parsed command line arguments: Namespace(log_base=None, log_level=None, verb_name='build', build_base='build', install_base='install', merge_install=False, symlink_install=True, test_result_base=None, continue_on_error=False, executor='parallel', parallel_workers=16, event_handlers=None, ignore_user_meta=False, metas=['./colcon.meta'], base_paths=['.'], packages_ignore=None, packages_ignore_regex=None, paths=None, packages_up_to=None, packages_up_to_regex=None, packages_above=None, packages_above_and_dependencies=None, packages_above_depth=None, packages_select_by_dep=None, packages_skip_by_dep=None, packages_skip_up_to=None, packages_select_build_failed=False, packages_skip_build_finished=False, packages_select_test_failures=False, packages_skip_test_passed=False, packages_select=None, packages_skip=None, packages_select_regex=None, packages_skip_regex=None, packages_start=None, packages_end=None, allow_overriding=[], cmake_args=None, cmake_target=None, cmake_target_skip_unavailable=False, cmake_clean_cache=False, cmake_clean_first=False, cmake_force_configure=False, ament_cmake_args=None, catkin_cmake_args=None, catkin_skip_building_tests=False, verb_parser=<colcon_defaults.argument_parser.defaults.DefaultArgumentsDecorator object at 0x7fe4b82669b0>, verb_extension=<colcon_core.verb.build.BuildVerb object at 0x7fe4b8264ca0>, main=<bound method BuildVerb.main of <colcon_core.verb.build.BuildVerb object at 0x7fe4b8264ca0>>)
[0.450s] Level 1:colcon.colcon_core.package_discovery:discover_packages(colcon_meta) check parameters
[0.451s] Level 1:colcon.colcon_core.package_discovery:discover_packages(recursive) check parameters
[0.451s] Level 1:colcon.colcon_core.package_discovery:discover_packages(ignore) check parameters
[0.451s] Level 1:colcon.colcon_core.package_discovery:discover_packages(path) check parameters
[0.451s] Level 1:colcon.colcon_core.package_discovery:discover_packages(colcon_meta) discover
[0.451s] Level 1:colcon.colcon_core.package_discovery:discover_packages(recursive) discover
[0.451s] INFO:colcon.colcon_core.package_discovery:Crawling recursively for packages in '/home/laksri/Projects/Jimmy'
[0.451s] Level 1:colcon.colcon_core.package_identification:_identify(.) by extensions ['ignore', 'ignore_ament_install']
[0.451s] Level 1:colcon.colcon_core.package_identification:_identify(.) by extension 'ignore'
[0.451s] Level 1:colcon.colcon_core.package_identification:_identify(.) by extension 'ignore_ament_install'
[0.451s] Level 1:colcon.colcon_core.package_identification:_identify(.) by extensions ['colcon_pkg']
[0.451s] Level 1:colcon.colcon_core.package_identification:_identify(.) by extension 'colcon_pkg'
[0.451s] Level 1:colcon.colcon_core.package_identification:_identify(.) by extensions ['colcon_meta']
[0.451s] Level 1:colcon.colcon_core.package_identification:_identify(.) by extension 'colcon_meta'
[0.451s] Level 1:colcon.colcon_core.package_identification:_identify(.) by extensions ['ros']
[0.451s] Level 1:colcon.colcon_core.package_identification:_identify(.) by extension 'ros'
[0.457s] Level 1:colcon.colcon_core.package_identification:_identify(.) by extensions ['cmake', 'python']
[0.457s] Level 1:colcon.colcon_core.package_identification:_identify(.) by extension 'cmake'
[0.457s] Level 1:colcon.colcon_core.package_identification:_identify(.) by extension 'python'
[0.457s] Level 1:colcon.colcon_core.package_identification:_identify(.) by extensions ['python_setup_py']
[0.457s] Level 1:colcon.colcon_core.package_identification:_identify(.) by extension 'python_setup_py'
[0.457s] Level 1:colcon.colcon_core.package_identification:_identify(build) by extensions ['ignore', 'ignore_ament_install']
[0.457s] Level 1:colcon.colcon_core.package_identification:_identify(build) by extension 'ignore'
[0.458s] Level 1:colcon.colcon_core.package_identification:_identify(build) ignored
[0.458s] Level 1:colcon.colcon_core.package_identification:_identify(install) by extensions ['ignore', 'ignore_ament_install']
[0.458s] Level 1:colcon.colcon_core.package_identification:_identify(install) by extension 'ignore'
[0.458s] Level 1:colcon.colcon_core.package_identification:_identify(install) ignored
[0.458s] Level 1:colcon.colcon_core.package_identification:_identify(log) by extensions ['ignore', 'ignore_ament_install']
[0.458s] Level 1:colcon.colcon_core.package_identification:_identify(log) by extension 'ignore'
[0.458s] Level 1:colcon.colcon_core.package_identification:_identify(log) ignored
[0.458s] Level 1:colcon.colcon_core.package_identification:_identify(src) by extensions ['ignore', 'ignore_ament_install']
[0.458s] Level 1:colcon.colcon_core.package_identification:_identify(src) by extension 'ignore'
[0.458s] Level 1:colcon.colcon_core.package_identification:_identify(src) by extension 'ignore_ament_install'
[0.458s] Level 1:colcon.colcon_core.package_identification:_identify(src) by extensions ['colcon_pkg']
[0.458s] Level 1:colcon.colcon_core.package_identification:_identify(src) by extension 'colcon_pkg'
[0.458s] Level 1:colcon.colcon_core.package_identification:_identify(src) by extensions ['colcon_meta']
[0.458s] Level 1:colcon.colcon_core.package_identification:_identify(src) by extension 'colcon_meta'
[0.458s] Level 1:colcon.colcon_core.package_identification:_identify(src) by extensions ['ros']
[0.458s] Level 1:colcon.colcon_core.package_identification:_identify(src) by extension 'ros'
[0.458s] Level 1:colcon.colcon_core.package_identification:_identify(src) by extensions ['cmake', 'python']
[0.458s] Level 1:colcon.colcon_core.package_identification:_identify(src) by extension 'cmake'
[0.458s] Level 1:colcon.colcon_core.package_identification:_identify(src) by extension 'python'
[0.458s] Level 1:colcon.colcon_core.package_identification:_identify(src) by extensions ['python_setup_py']
[0.458s] Level 1:colcon.colcon_core.package_identification:_identify(src) by extension 'python_setup_py'
[0.458s] Level 1:colcon.colcon_core.package_identification:_identify(src/my_py_pkg) by extensions ['ignore', 'ignore_ament_install']
[0.458s] Level 1:colcon.colcon_core.package_identification:_identify(src/my_py_pkg) by extension 'ignore'
[0.458s] Level 1:colcon.colcon_core.package_identification:_identify(src/my_py_pkg) by extension 'ignore_ament_install'
[0.458s] Level 1:colcon.colcon_core.package_identification:_identify(src/my_py_pkg) by extensions ['colcon_pkg']
[0.458s] Level 1:colcon.colcon_core.package_identification:_identify(src/my_py_pkg) by extension 'colcon_pkg'
[0.458s] Level 1:colcon.colcon_core.package_identification:_identify(src/my_py_pkg) by extensions ['colcon_meta']
[0.458s] Level 1:colcon.colcon_core.package_identification:_identify(src/my_py_pkg) by extension 'colcon_meta'
[0.458s] Level 1:colcon.colcon_core.package_identification:_identify(src/my_py_pkg) by extensions ['ros']
[0.458s] Level 1:colcon.colcon_core.package_identification:_identify(src/my_py_pkg) by extension 'ros'
[0.460s] DEBUG:colcon.colcon_core.package_identification:Package 'src/my_py_pkg' with type 'ros.ament_python' and name 'my_py_pkg'
[0.460s] Level 1:colcon.colcon_core.package_identification:_identify(src/waling_algorithm) by extensions ['ignore', 'ignore_ament_install']
[0.460s] Level 1:colcon.colcon_core.package_identification:_identify(src/waling_algorithm) by extension 'ignore'
[0.460s] Level 1:colcon.colcon_core.package_identification:_identify(src/waling_algorithm) by extension 'ignore_ament_install'
[0.460s] Level 1:colcon.colcon_core.package_identification:_identify(src/waling_algorithm) by extensions ['colcon_pkg']
[0.460s] Level 1:colcon.colcon_core.package_identification:_identify(src/waling_algorithm) by extension 'colcon_pkg'
[0.460s] Level 1:colcon.colcon_core.package_identification:_identify(src/waling_algorithm) by extensions ['colcon_meta']
[0.460s] Level 1:colcon.colcon_core.package_identification:_identify(src/waling_algorithm) by extension 'colcon_meta'
[0.460s] Level 1:colcon.colcon_core.package_identification:_identify(src/waling_algorithm) by extensions ['ros']
[0.460s] Level 1:colcon.colcon_core.package_identification:_identify(src/waling_algorithm) by extension 'ros'
[0.460s] DEBUG:colcon.colcon_core.package_identification:Package 'src/waling_algorithm' with type 'ros.ament_cmake' and name 'waling_algorithm'
[0.461s] Level 1:colcon.colcon_core.package_discovery:discover_packages(recursive) using defaults
[0.461s] Level 1:colcon.colcon_core.package_discovery:discover_packages(ignore) discover
[0.461s] Level 1:colcon.colcon_core.package_discovery:discover_packages(ignore) using defaults
[0.461s] Level 1:colcon.colcon_core.package_discovery:discover_packages(path) discover
[0.461s] Level 1:colcon.colcon_core.package_discovery:discover_packages(path) using defaults
[0.501s] Level 1:colcon.colcon_core.package_discovery:discover_packages(prefix_path) check parameters
[0.501s] Level 1:colcon.colcon_core.package_discovery:discover_packages(prefix_path) discover
[0.513s] DEBUG:colcon.colcon_installed_package_information.package_discovery:Found 1 installed packages in /home/laksri/Projects/RosTest/install
[0.519s] DEBUG:colcon.colcon_installed_package_information.package_discovery:Found 270 installed packages in /opt/ros/humble
[0.520s] Level 1:colcon.colcon_core.package_discovery:discover_packages(prefix_path) using defaults
[0.561s] Level 5:colcon.colcon_core.verb:set package 'my_py_pkg' build argument 'cmake_args' from command line to 'None'
[0.561s] Level 5:colcon.colcon_core.verb:set package 'my_py_pkg' build argument 'cmake_target' from command line to 'None'
[0.561s] Level 5:colcon.colcon_core.verb:set package 'my_py_pkg' build argument 'cmake_target_skip_unavailable' from command line to 'False'
[0.561s] Level 5:colcon.colcon_core.verb:set package 'my_py_pkg' build argument 'cmake_clean_cache' from command line to 'False'
[0.561s] Level 5:colcon.colcon_core.verb:set package 'my_py_pkg' build argument 'cmake_clean_first' from command line to 'False'
[0.561s] Level 5:colcon.colcon_core.verb:set package 'my_py_pkg' build argument 'cmake_force_configure' from command line to 'False'
[0.561s] Level 5:colcon.colcon_core.verb:set package 'my_py_pkg' build argument 'ament_cmake_args' from command line to 'None'
[0.561s] Level 5:colcon.colcon_core.verb:set package 'my_py_pkg' build argument 'catkin_cmake_args' from command line to 'None'
[0.562s] Level 5:colcon.colcon_core.verb:set package 'my_py_pkg' build argument 'catkin_skip_building_tests' from command line to 'False'
[0.562s] DEBUG:colcon.colcon_core.verb:Building package 'my_py_pkg' with the following arguments: {'ament_cmake_args': None, 'build_base': '/home/laksri/Projects/Jimmy/build/my_py_pkg', 'catkin_cmake_args': None, 'catkin_skip_building_tests': False, 'cmake_args': None, 'cmake_clean_cache': False, 'cmake_clean_first': False, 'cmake_force_configure': False, 'cmake_target': None, 'cmake_target_skip_unavailable': False, 'install_base': '/home/laksri/Projects/Jimmy/install/my_py_pkg', 'merge_install': False, 'path': '/home/laksri/Projects/Jimmy/src/my_py_pkg', 'symlink_install': True, 'test_result_base': None}
[0.568s] Level 5:colcon.colcon_core.verb:set package 'waling_algorithm' build argument 'cmake_args' from command line to 'None'
[0.568s] Level 5:colcon.colcon_core.verb:set package 'waling_algorithm' build argument 'cmake_target' from command line to 'None'
[0.568s] Level 5:colcon.colcon_core.verb:set package 'waling_algorithm' build argument 'cmake_target_skip_unavailable' from command line to 'False'
[0.568s] Level 5:colcon.colcon_core.verb:set package 'waling_algorithm' build argument 'cmake_clean_cache' from command line to 'False'
[0.568s] Level 5:colcon.colcon_core.verb:set package 'waling_algorithm' build argument 'cmake_clean_first' from command line to 'False'
[0.568s] Level 5:colcon.colcon_core.verb:set package 'waling_algorithm' build argument 'cmake_force_configure' from command line to 'False'
[0.568s] Level 5:colcon.colcon_core.verb:set package 'waling_algorithm' build argument 'ament_cmake_args' from command line to 'None'
[0.568s] Level 5:colcon.colcon_core.verb:set package 'waling_algorithm' build argument 'catkin_cmake_args' from command line to 'None'
[0.568s] Level 5:colcon.colcon_core.verb:set package 'waling_algorithm' build argument 'catkin_skip_building_tests' from command line to 'False'
[0.568s] DEBUG:colcon.colcon_core.verb:Building package 'waling_algorithm' with the following arguments: {'ament_cmake_args': None, 'build_base': '/home/laksri/Projects/Jimmy/build/waling_algorithm', 'catkin_cmake_args': None, 'catkin_skip_building_tests': False, 'cmake_args': None, 'cmake_clean_cache': False, 'cmake_clean_first': False, 'cmake_force_configure': False, 'cmake_target': None, 'cmake_target_skip_unavailable': False, 'install_base': '/home/laksri/Projects/Jimmy/install/waling_algorithm', 'merge_install': False, 'path': '/home/laksri/Projects/Jimmy/src/waling_algorithm', 'symlink_install': True, 'test_result_base': None}
[0.573s] INFO:colcon.colcon_core.executor:Executing jobs using 'parallel' executor
[0.580s] DEBUG:colcon.colcon_parallel_executor.executor.parallel:run_until_complete
[0.580s] INFO:colcon.colcon_ros.task.ament_python.build:Building ROS package in '/home/laksri/Projects/Jimmy/src/my_py_pkg' with build type 'ament_python'
[0.580s] Level 1:colcon.colcon_core.shell:create_environment_hook('my_py_pkg', 'ament_prefix_path')
[0.587s] INFO:colcon.colcon_core.plugin_system:Skipping extension 'colcon_core.shell.bat': Not used on non-Windows systems
[0.587s] INFO:colcon.colcon_core.shell:Creating environment hook '/home/laksri/Projects/Jimmy/install/my_py_pkg/share/my_py_pkg/hook/ament_prefix_path.ps1'
[0.587s] INFO:colcon.colcon_core.shell:Creating environment descriptor '/home/laksri/Projects/Jimmy/install/my_py_pkg/share/my_py_pkg/hook/ament_prefix_path.dsv'
[0.587s] INFO:colcon.colcon_core.shell:Creating environment hook '/home/laksri/Projects/Jimmy/install/my_py_pkg/share/my_py_pkg/hook/ament_prefix_path.sh'
[0.594s] INFO:colcon.colcon_core.shell:Skip shell extension 'powershell' for command environment: Not usable outside of PowerShell
[0.594s] DEBUG:colcon.colcon_core.shell:Skip shell extension 'dsv' for command environment
[0.615s] INFO:colcon.colcon_ros.task.ament_cmake.build:Building ROS package in '/home/laksri/Projects/Jimmy/src/waling_algorithm' with build type 'ament_cmake'
[0.615s] INFO:colcon.colcon_cmake.task.cmake.build:Building CMake package in '/home/laksri/Projects/Jimmy/src/waling_algorithm'
[0.621s] INFO:colcon.colcon_core.shell:Skip shell extension 'powershell' for command environment: Not usable outside of PowerShell
[0.622s] DEBUG:colcon.colcon_core.shell:Skip shell extension 'dsv' for command environment
[0.783s] INFO:colcon.colcon_core.task.python.build:Building Python package in '/home/laksri/Projects/Jimmy/src/my_py_pkg'
[0.790s] INFO:colcon.colcon_core.shell:Skip shell extension 'powershell' for command environment: Not usable outside of PowerShell
[0.790s] DEBUG:colcon.colcon_core.shell:Skip shell extension 'dsv' for command environment
[0.814s] DEBUG:colcon.colcon_core.event_handler.log_command:Invoking command in '/home/laksri/Projects/Jimmy/build/waling_algorithm': CMAKE_PREFIX_PATH=/home/laksri/Projects/RosTest/install/RosTest1:/opt/ros/humble /usr/bin/cmake --build /home/laksri/Projects/Jimmy/build/waling_algorithm -- -j16 -l16
[1.018s] DEBUG:colcon.colcon_core.event_handler.log_command:Invoking command in '/home/laksri/Projects/Jimmy/build/my_py_pkg': PYTHONPATH=/home/laksri/Projects/Jimmy/build/my_py_pkg/prefix_override:/home/laksri/Projects/Jimmy/install/my_py_pkg/lib/python3.10/site-packages:${PYTHONPATH} /usr/bin/python3 setup.py develop --editable --build-directory /home/laksri/Projects/Jimmy/build/my_py_pkg/build --no-deps install_data
[1.189s] DEBUG:colcon.colcon_core.event_handler.log_command:Invoked command in '/home/laksri/Projects/Jimmy/build/waling_algorithm' returned '0': CMAKE_PREFIX_PATH=/home/laksri/Projects/RosTest/install/RosTest1:/opt/ros/humble /usr/bin/cmake --build /home/laksri/Projects/Jimmy/build/waling_algorithm -- -j16 -l16
[1.209s] DEBUG:colcon.colcon_core.event_handler.log_command:Invoking command in '/home/laksri/Projects/Jimmy/build/waling_algorithm': CMAKE_PREFIX_PATH=/home/laksri/Projects/RosTest/install/RosTest1:/opt/ros/humble /usr/bin/cmake --install /home/laksri/Projects/Jimmy/build/waling_algorithm
[1.252s] Level 1:colcon.colcon_core.environment:create_environment_scripts_only(waling_algorithm)
[1.253s] DEBUG:colcon.colcon_core.event_handler.log_command:Invoked command in '/home/laksri/Projects/Jimmy/build/waling_algorithm' returned '0': CMAKE_PREFIX_PATH=/home/laksri/Projects/RosTest/install/RosTest1:/opt/ros/humble /usr/bin/cmake --install /home/laksri/Projects/Jimmy/build/waling_algorithm
[1.261s] Level 1:colcon.colcon_core.environment:checking '/home/laksri/Projects/Jimmy/install/waling_algorithm' for CMake module files
[1.262s] Level 1:colcon.colcon_core.environment:checking '/home/laksri/Projects/Jimmy/install/waling_algorithm' for CMake config files
[1.262s] Level 1:colcon.colcon_core.shell:create_environment_hook('waling_algorithm', 'cmake_prefix_path')
[1.268s] INFO:colcon.colcon_core.shell:Creating environment hook '/home/laksri/Projects/Jimmy/install/waling_algorithm/share/waling_algorithm/hook/cmake_prefix_path.ps1'
[1.268s] INFO:colcon.colcon_core.shell:Creating environment descriptor '/home/laksri/Projects/Jimmy/install/waling_algorithm/share/waling_algorithm/hook/cmake_prefix_path.dsv'
[1.268s] INFO:colcon.colcon_core.shell:Creating environment hook '/home/laksri/Projects/Jimmy/install/waling_algorithm/share/waling_algorithm/hook/cmake_prefix_path.sh'
[1.269s] Level 1:colcon.colcon_core.environment:checking '/home/laksri/Projects/Jimmy/install/waling_algorithm/lib'
[1.269s] Level 1:colcon.colcon_core.environment:checking '/home/laksri/Projects/Jimmy/install/waling_algorithm/bin'
[1.269s] Level 1:colcon.colcon_core.environment:checking '/home/laksri/Projects/Jimmy/install/waling_algorithm/lib/pkgconfig/waling_algorithm.pc'
[1.269s] Level 1:colcon.colcon_core.environment:checking '/home/laksri/Projects/Jimmy/install/waling_algorithm/lib/python3.10/site-packages'
[1.269s] Level 1:colcon.colcon_core.environment:checking '/home/laksri/Projects/Jimmy/install/waling_algorithm/bin'
[1.275s] INFO:colcon.colcon_core.shell:Creating package script '/home/laksri/Projects/Jimmy/install/waling_algorithm/share/waling_algorithm/package.ps1'
[1.275s] INFO:colcon.colcon_core.shell:Creating package descriptor '/home/laksri/Projects/Jimmy/install/waling_algorithm/share/waling_algorithm/package.dsv'
[1.275s] INFO:colcon.colcon_core.shell:Creating package script '/home/laksri/Projects/Jimmy/install/waling_algorithm/share/waling_algorithm/package.sh'
[1.275s] INFO:colcon.colcon_core.shell:Creating package script '/home/laksri/Projects/Jimmy/install/waling_algorithm/share/waling_algorithm/package.bash'
[1.276s] INFO:colcon.colcon_core.shell:Creating package script '/home/laksri/Projects/Jimmy/install/waling_algorithm/share/waling_algorithm/package.zsh'
[1.276s] Level 1:colcon.colcon_core.environment:create_file_with_runtime_dependencies(/home/laksri/Projects/Jimmy/install/waling_algorithm/share/colcon-core/packages/waling_algorithm)
[1.277s] Level 1:colcon.colcon_core.shell:create_environment_hook('my_py_pkg', 'pythonpath_develop')
[1.278s] DEBUG:colcon.colcon_core.event_handler.log_command:Invoked command in '/home/laksri/Projects/Jimmy/build/my_py_pkg' returned '0': PYTHONPATH=/home/laksri/Projects/Jimmy/build/my_py_pkg/prefix_override:/home/laksri/Projects/Jimmy/install/my_py_pkg/lib/python3.10/site-packages:${PYTHONPATH} /usr/bin/python3 setup.py develop --editable --build-directory /home/laksri/Projects/Jimmy/build/my_py_pkg/build --no-deps install_data
[1.291s] INFO:colcon.colcon_core.shell:Creating environment hook '/home/laksri/Projects/Jimmy/build/my_py_pkg/share/my_py_pkg/hook/pythonpath_develop.ps1'
[1.291s] INFO:colcon.colcon_core.shell:Creating environment descriptor '/home/laksri/Projects/Jimmy/build/my_py_pkg/share/my_py_pkg/hook/pythonpath_develop.dsv'
[1.292s] INFO:colcon.colcon_core.shell:Creating environment hook '/home/laksri/Projects/Jimmy/build/my_py_pkg/share/my_py_pkg/hook/pythonpath_develop.sh'
[1.299s] Level 1:colcon.colcon_core.environment:checking '/home/laksri/Projects/Jimmy/install/my_py_pkg' for CMake module files
[1.299s] Level 1:colcon.colcon_core.environment:checking '/home/laksri/Projects/Jimmy/install/my_py_pkg' for CMake config files
[1.299s] Level 1:colcon.colcon_core.environment:checking '/home/laksri/Projects/Jimmy/install/my_py_pkg/lib'
[1.299s] Level 1:colcon.colcon_core.environment:checking '/home/laksri/Projects/Jimmy/install/my_py_pkg/bin'
[1.299s] Level 1:colcon.colcon_core.environment:checking '/home/laksri/Projects/Jimmy/install/my_py_pkg/lib/pkgconfig/my_py_pkg.pc'
[1.300s] Level 1:colcon.colcon_core.environment:checking '/home/laksri/Projects/Jimmy/install/my_py_pkg/lib/python3.10/site-packages'
[1.300s] Level 1:colcon.colcon_core.shell:create_environment_hook('my_py_pkg', 'pythonpath')
[1.306s] INFO:colcon.colcon_core.shell:Creating environment hook '/home/laksri/Projects/Jimmy/install/my_py_pkg/share/my_py_pkg/hook/pythonpath.ps1'
[1.306s] INFO:colcon.colcon_core.shell:Creating environment descriptor '/home/laksri/Projects/Jimmy/install/my_py_pkg/share/my_py_pkg/hook/pythonpath.dsv'
[1.306s] INFO:colcon.colcon_core.shell:Creating environment hook '/home/laksri/Projects/Jimmy/install/my_py_pkg/share/my_py_pkg/hook/pythonpath.sh'
[1.306s] Level 1:colcon.colcon_core.environment:checking '/home/laksri/Projects/Jimmy/install/my_py_pkg/bin'
[1.307s] Level 1:colcon.colcon_core.environment:create_environment_scripts_only(my_py_pkg)
[1.312s] INFO:colcon.colcon_core.shell:Creating package script '/home/laksri/Projects/Jimmy/install/my_py_pkg/share/my_py_pkg/package.ps1'
[1.312s] INFO:colcon.colcon_core.shell:Creating package descriptor '/home/laksri/Projects/Jimmy/install/my_py_pkg/share/my_py_pkg/package.dsv'
[1.313s] INFO:colcon.colcon_core.shell:Creating package script '/home/laksri/Projects/Jimmy/install/my_py_pkg/share/my_py_pkg/package.sh'
[1.313s] INFO:colcon.colcon_core.shell:Creating package script '/home/laksri/Projects/Jimmy/install/my_py_pkg/share/my_py_pkg/package.bash'
[1.313s] INFO:colcon.colcon_core.shell:Creating package script '/home/laksri/Projects/Jimmy/install/my_py_pkg/share/my_py_pkg/package.zsh'
[1.313s] Level 1:colcon.colcon_core.environment:create_file_with_runtime_dependencies(/home/laksri/Projects/Jimmy/install/my_py_pkg/share/colcon-core/packages/my_py_pkg)
[1.319s] Level 1:colcon.colcon_core.environment:create_environment_scripts_only(waling_algorithm)
[1.325s] Level 1:colcon.colcon_core.environment:checking '/home/laksri/Projects/Jimmy/install/waling_algorithm' for CMake module files
[1.325s] Level 1:colcon.colcon_core.environment:checking '/home/laksri/Projects/Jimmy/install/waling_algorithm' for CMake config files
[1.325s] Level 1:colcon.colcon_core.shell:create_environment_hook('waling_algorithm', 'cmake_prefix_path')
[1.332s] INFO:colcon.colcon_core.shell:Creating environment hook '/home/laksri/Projects/Jimmy/install/waling_algorithm/share/waling_algorithm/hook/cmake_prefix_path.ps1'
[1.332s] INFO:colcon.colcon_core.shell:Creating environment descriptor '/home/laksri/Projects/Jimmy/install/waling_algorithm/share/waling_algorithm/hook/cmake_prefix_path.dsv'
[1.333s] INFO:colcon.colcon_core.shell:Creating environment hook '/home/laksri/Projects/Jimmy/install/waling_algorithm/share/waling_algorithm/hook/cmake_prefix_path.sh'
[1.333s] Level 1:colcon.colcon_core.environment:checking '/home/laksri/Projects/Jimmy/install/waling_algorithm/lib'
[1.333s] Level 1:colcon.colcon_core.environment:checking '/home/laksri/Projects/Jimmy/install/waling_algorithm/bin'
[1.333s] Level 1:colcon.colcon_core.environment:checking '/home/laksri/Projects/Jimmy/install/waling_algorithm/lib/pkgconfig/waling_algorithm.pc'
[1.333s] Level 1:colcon.colcon_core.environment:checking '/home/laksri/Projects/Jimmy/install/waling_algorithm/lib/python3.10/site-packages'
[1.333s] Level 1:colcon.colcon_core.environment:checking '/home/laksri/Projects/Jimmy/install/waling_algorithm/bin'
[1.339s] INFO:colcon.colcon_core.shell:Creating package script '/home/laksri/Projects/Jimmy/install/waling_algorithm/share/waling_algorithm/package.ps1'
[1.340s] INFO:colcon.colcon_core.shell:Creating package descriptor '/home/laksri/Projects/Jimmy/install/waling_algorithm/share/waling_algorithm/package.dsv'
[1.340s] INFO:colcon.colcon_core.shell:Creating package script '/home/laksri/Projects/Jimmy/install/waling_algorithm/share/waling_algorithm/package.sh'
[1.340s] INFO:colcon.colcon_core.shell:Creating package script '/home/laksri/Projects/Jimmy/install/waling_algorithm/share/waling_algorithm/package.bash'
[1.340s] INFO:colcon.colcon_core.shell:Creating package script '/home/laksri/Projects/Jimmy/install/waling_algorithm/share/waling_algorithm/package.zsh'
[1.340s] Level 1:colcon.colcon_core.environment:create_file_with_runtime_dependencies(/home/laksri/Projects/Jimmy/install/waling_algorithm/share/colcon-core/packages/waling_algorithm)
[1.340s] DEBUG:colcon.colcon_parallel_executor.executor.parallel:closing loop
[1.340s] DEBUG:colcon.colcon_parallel_executor.executor.parallel:loop closed
[1.340s] DEBUG:colcon.colcon_parallel_executor.executor.parallel:run_until_complete finished with '0'
[1.340s] DEBUG:colcon.colcon_core.event_reactor:joining thread
[1.351s] INFO:colcon.colcon_core.plugin_system:Skipping extension 'colcon_notification.desktop_notification.terminal_notifier': Not used on non-Darwin systems
[1.351s] INFO:colcon.colcon_core.plugin_system:Skipping extension 'colcon_notification.desktop_notification.win32': Not used on non-Windows systems
[1.351s] INFO:colcon.colcon_notification.desktop_notification:Sending desktop notification using 'notify2'
[1.358s] DEBUG:colcon.colcon_core.event_reactor:joined thread
[1.365s] INFO:colcon.colcon_core.shell:Creating prefix script '/home/laksri/Projects/Jimmy/install/local_setup.ps1'
[1.366s] INFO:colcon.colcon_core.shell:Creating prefix util module '/home/laksri/Projects/Jimmy/install/_local_setup_util_ps1.py'
[1.367s] INFO:colcon.colcon_core.shell:Creating prefix chain script '/home/laksri/Projects/Jimmy/install/setup.ps1'
[1.373s] INFO:colcon.colcon_core.shell:Creating prefix script '/home/laksri/Projects/Jimmy/install/local_setup.sh'
[1.373s] INFO:colcon.colcon_core.shell:Creating prefix util module '/home/laksri/Projects/Jimmy/install/_local_setup_util_sh.py'
[1.374s] INFO:colcon.colcon_core.shell:Creating prefix chain script '/home/laksri/Projects/Jimmy/install/setup.sh'
[1.379s] INFO:colcon.colcon_core.shell:Creating prefix script '/home/laksri/Projects/Jimmy/install/local_setup.bash'
[1.380s] INFO:colcon.colcon_core.shell:Creating prefix chain script '/home/laksri/Projects/Jimmy/install/setup.bash'
[1.386s] INFO:colcon.colcon_core.shell:Creating prefix script '/home/laksri/Projects/Jimmy/install/local_setup.zsh'
[1.386s] INFO:colcon.colcon_core.shell:Creating prefix chain script '/home/laksri/Projects/Jimmy/install/setup.zsh'
