[0.033s] Invoking command in '/home/laksri/Projects/Jimmy/build/waling_algorithm': CMAKE_PREFIX_PATH=/home/laksri/Projects/RosTest/install/RosTest1:/opt/ros/humble /usr/bin/cmake --build /home/laksri/Projects/Jimmy/build/waling_algorithm -- -j16 -l16
[0.065s] -- Found ament_cmake: 1.3.5 (/opt/ros/humble/share/ament_cmake/cmake)
[0.173s] -- Found rclpy: 3.3.10 (/opt/ros/humble/share/rclpy/cmake)
[0.224s] [31mCMake Error at /opt/ros/humble/share/ament_cmake_python/cmake/ament_python_install_package.cmake:122 (add_custom_target):
[0.224s]   add_custom_target called with invalid target name
[0.224s]   "ament_cmake_python_copy_scripts/".  Target names may not contain a slash.
[0.224s]   Use ADD_CUSTOM_COMMAND to generate files.
[0.225s] Call Stack (most recent call first):
[0.225s]   /opt/ros/humble/share/ament_cmake_python/cmake/ament_python_install_package.cmake:39 (_ament_cmake_python_install_package)
[0.225s]   CMakeLists.txt:13 (ament_python_install_package)
[0.225s] 
[0.225s] [0m
[0.225s] [31mCMake Error at /opt/ros/humble/share/ament_cmake_python/cmake/ament_python_install_package.cmake:141 (add_custom_target):
[0.225s]   add_custom_target called with invalid target name
[0.225s]   "ament_cmake_python_build_scripts/_egg".  Target names may not contain a
[0.225s]   slash.  Use ADD_CUSTOM_COMMAND to generate files.
[0.225s] Call Stack (most recent call first):
[0.225s]   /opt/ros/humble/share/ament_cmake_python/cmake/ament_python_install_package.cmake:39 (_ament_cmake_python_install_package)
[0.225s]   CMakeLists.txt:13 (ament_python_install_package)
[0.225s] 
[0.225s] [0m
[0.225s] -- Found ament_lint_auto: 0.12.8 (/opt/ros/humble/share/ament_lint_auto/cmake)
[0.269s] -- Added test 'flake8' to check Python code syntax and style conventions
[0.269s] -- Added test 'lint_cmake' to check CMake code style
[0.269s] -- Added test 'pep257' to check Python code against some of the docstring style conventions in PEP 257
[0.270s] -- Added test 'xmllint' to check XML markup files
[0.271s] -- Configuring incomplete, errors occurred!
[0.271s] See also "/home/laksri/Projects/Jimmy/build/waling_algorithm/CMakeFiles/CMakeOutput.log".
[0.272s] gmake: *** [Makefile:226: cmake_check_build_system] Error 1
[0.274s] Invoked command in '/home/laksri/Projects/Jimmy/build/waling_algorithm' returned '2': CMAKE_PREFIX_PATH=/home/laksri/Projects/RosTest/install/RosTest1:/opt/ros/humble /usr/bin/cmake --build /home/laksri/Projects/Jimmy/build/waling_algorithm -- -j16 -l16
