[0.448s] DEBUG:colcon:Command line arguments: ['/usr/bin/colcon', 'build']
[0.448s] DEBUG:colcon:Parsed command line arguments: Namespace(log_base=None, log_level=None, verb_name='build', build_base='build', install_base='install', merge_install=False, symlink_install=False, test_result_base=None, continue_on_error=False, executor='parallel', parallel_workers=16, event_handlers=None, ignore_user_meta=False, metas=['./colcon.meta'], base_paths=['.'], packages_ignore=None, packages_ignore_regex=None, paths=None, packages_up_to=None, packages_up_to_regex=None, packages_above=None, packages_above_and_dependencies=None, packages_above_depth=None, packages_select_by_dep=None, packages_skip_by_dep=None, packages_skip_up_to=None, packages_select_build_failed=False, packages_skip_build_finished=False, packages_select_test_failures=False, packages_skip_test_passed=False, packages_select=None, packages_skip=None, packages_select_regex=None, packages_skip_regex=None, packages_start=None, packages_end=None, allow_overriding=[], cmake_args=None, cmake_target=None, cmake_target_skip_unavailable=False, cmake_clean_cache=False, cmake_clean_first=False, cmake_force_configure=False, ament_cmake_args=None, catkin_cmake_args=None, catkin_skip_building_tests=False, verb_parser=<colcon_defaults.argument_parser.defaults.DefaultArgumentsDecorator object at 0x7f2ae4f59c60>, verb_extension=<colcon_core.verb.build.BuildVerb object at 0x7f2ae4f5b0d0>, main=<bound method BuildVerb.main of <colcon_core.verb.build.BuildVerb object at 0x7f2ae4f5b0d0>>)
[0.471s] Level 1:colcon.colcon_core.package_discovery:discover_packages(colcon_meta) check parameters
[0.471s] Level 1:colcon.colcon_core.package_discovery:discover_packages(recursive) check parameters
[0.471s] Level 1:colcon.colcon_core.package_discovery:discover_packages(ignore) check parameters
[0.471s] Level 1:colcon.colcon_core.package_discovery:discover_packages(path) check parameters
[0.471s] Level 1:colcon.colcon_core.package_discovery:discover_packages(colcon_meta) discover
[0.471s] Level 1:colcon.colcon_core.package_discovery:discover_packages(recursive) discover
[0.471s] INFO:colcon.colcon_core.package_discovery:Crawling recursively for packages in '/home/laksri/Projects/Jimmy'
[0.471s] Level 1:colcon.colcon_core.package_identification:_identify(.) by extensions ['ignore', 'ignore_ament_install']
[0.471s] Level 1:colcon.colcon_core.package_identification:_identify(.) by extension 'ignore'
[0.471s] Level 1:colcon.colcon_core.package_identification:_identify(.) by extension 'ignore_ament_install'
[0.471s] Level 1:colcon.colcon_core.package_identification:_identify(.) by extensions ['colcon_pkg']
[0.471s] Level 1:colcon.colcon_core.package_identification:_identify(.) by extension 'colcon_pkg'
[0.471s] Level 1:colcon.colcon_core.package_identification:_identify(.) by extensions ['colcon_meta']
[0.471s] Level 1:colcon.colcon_core.package_identification:_identify(.) by extension 'colcon_meta'
[0.471s] Level 1:colcon.colcon_core.package_identification:_identify(.) by extensions ['ros']
[0.471s] Level 1:colcon.colcon_core.package_identification:_identify(.) by extension 'ros'
[0.477s] Level 1:colcon.colcon_core.package_identification:_identify(.) by extensions ['cmake', 'python']
[0.477s] Level 1:colcon.colcon_core.package_identification:_identify(.) by extension 'cmake'
[0.477s] Level 1:colcon.colcon_core.package_identification:_identify(.) by extension 'python'
[0.477s] Level 1:colcon.colcon_core.package_identification:_identify(.) by extensions ['python_setup_py']
[0.477s] Level 1:colcon.colcon_core.package_identification:_identify(.) by extension 'python_setup_py'
[0.477s] Level 1:colcon.colcon_core.package_identification:_identify(build) by extensions ['ignore', 'ignore_ament_install']
[0.477s] Level 1:colcon.colcon_core.package_identification:_identify(build) by extension 'ignore'
[0.477s] Level 1:colcon.colcon_core.package_identification:_identify(build) ignored
[0.478s] Level 1:colcon.colcon_core.package_identification:_identify(install) by extensions ['ignore', 'ignore_ament_install']
[0.478s] Level 1:colcon.colcon_core.package_identification:_identify(install) by extension 'ignore'
[0.478s] Level 1:colcon.colcon_core.package_identification:_identify(install) ignored
[0.478s] Level 1:colcon.colcon_core.package_identification:_identify(log) by extensions ['ignore', 'ignore_ament_install']
[0.478s] Level 1:colcon.colcon_core.package_identification:_identify(log) by extension 'ignore'
[0.478s] Level 1:colcon.colcon_core.package_identification:_identify(log) ignored
[0.478s] Level 1:colcon.colcon_core.package_identification:_identify(src) by extensions ['ignore', 'ignore_ament_install']
[0.478s] Level 1:colcon.colcon_core.package_identification:_identify(src) by extension 'ignore'
[0.478s] Level 1:colcon.colcon_core.package_identification:_identify(src) by extension 'ignore_ament_install'
[0.478s] Level 1:colcon.colcon_core.package_identification:_identify(src) by extensions ['colcon_pkg']
[0.478s] Level 1:colcon.colcon_core.package_identification:_identify(src) by extension 'colcon_pkg'
[0.478s] Level 1:colcon.colcon_core.package_identification:_identify(src) by extensions ['colcon_meta']
[0.478s] Level 1:colcon.colcon_core.package_identification:_identify(src) by extension 'colcon_meta'
[0.478s] Level 1:colcon.colcon_core.package_identification:_identify(src) by extensions ['ros']
[0.478s] Level 1:colcon.colcon_core.package_identification:_identify(src) by extension 'ros'
[0.478s] Level 1:colcon.colcon_core.package_identification:_identify(src) by extensions ['cmake', 'python']
[0.478s] Level 1:colcon.colcon_core.package_identification:_identify(src) by extension 'cmake'
[0.478s] Level 1:colcon.colcon_core.package_identification:_identify(src) by extension 'python'
[0.478s] Level 1:colcon.colcon_core.package_identification:_identify(src) by extensions ['python_setup_py']
[0.478s] Level 1:colcon.colcon_core.package_identification:_identify(src) by extension 'python_setup_py'
[0.478s] Level 1:colcon.colcon_core.package_identification:_identify(src/waling_algorithm) by extensions ['ignore', 'ignore_ament_install']
[0.478s] Level 1:colcon.colcon_core.package_identification:_identify(src/waling_algorithm) by extension 'ignore'
[0.478s] Level 1:colcon.colcon_core.package_identification:_identify(src/waling_algorithm) by extension 'ignore_ament_install'
[0.478s] Level 1:colcon.colcon_core.package_identification:_identify(src/waling_algorithm) by extensions ['colcon_pkg']
[0.478s] Level 1:colcon.colcon_core.package_identification:_identify(src/waling_algorithm) by extension 'colcon_pkg'
[0.478s] Level 1:colcon.colcon_core.package_identification:_identify(src/waling_algorithm) by extensions ['colcon_meta']
[0.478s] Level 1:colcon.colcon_core.package_identification:_identify(src/waling_algorithm) by extension 'colcon_meta'
[0.478s] Level 1:colcon.colcon_core.package_identification:_identify(src/waling_algorithm) by extensions ['ros']
[0.478s] Level 1:colcon.colcon_core.package_identification:_identify(src/waling_algorithm) by extension 'ros'
[0.480s] DEBUG:colcon.colcon_core.package_identification:Package 'src/waling_algorithm' with type 'ros.ament_cmake' and name 'waling_algorithm'
[0.480s] Level 1:colcon.colcon_core.package_discovery:discover_packages(recursive) using defaults
[0.480s] Level 1:colcon.colcon_core.package_discovery:discover_packages(ignore) discover
[0.480s] Level 1:colcon.colcon_core.package_discovery:discover_packages(ignore) using defaults
[0.480s] Level 1:colcon.colcon_core.package_discovery:discover_packages(path) discover
[0.480s] Level 1:colcon.colcon_core.package_discovery:discover_packages(path) using defaults
[0.520s] Level 1:colcon.colcon_core.package_discovery:discover_packages(prefix_path) check parameters
[0.520s] Level 1:colcon.colcon_core.package_discovery:discover_packages(prefix_path) discover
[0.533s] DEBUG:colcon.colcon_installed_package_information.package_discovery:Found 1 installed packages in /home/laksri/Projects/RosTest/install
[0.539s] DEBUG:colcon.colcon_installed_package_information.package_discovery:Found 270 installed packages in /opt/ros/humble
[0.539s] Level 1:colcon.colcon_core.package_discovery:discover_packages(prefix_path) using defaults
[0.581s] Level 5:colcon.colcon_core.verb:set package 'waling_algorithm' build argument 'cmake_args' from command line to 'None'
[0.581s] Level 5:colcon.colcon_core.verb:set package 'waling_algorithm' build argument 'cmake_target' from command line to 'None'
[0.581s] Level 5:colcon.colcon_core.verb:set package 'waling_algorithm' build argument 'cmake_target_skip_unavailable' from command line to 'False'
[0.581s] Level 5:colcon.colcon_core.verb:set package 'waling_algorithm' build argument 'cmake_clean_cache' from command line to 'False'
[0.581s] Level 5:colcon.colcon_core.verb:set package 'waling_algorithm' build argument 'cmake_clean_first' from command line to 'False'
[0.581s] Level 5:colcon.colcon_core.verb:set package 'waling_algorithm' build argument 'cmake_force_configure' from command line to 'False'
[0.581s] Level 5:colcon.colcon_core.verb:set package 'waling_algorithm' build argument 'ament_cmake_args' from command line to 'None'
[0.581s] Level 5:colcon.colcon_core.verb:set package 'waling_algorithm' build argument 'catkin_cmake_args' from command line to 'None'
[0.581s] Level 5:colcon.colcon_core.verb:set package 'waling_algorithm' build argument 'catkin_skip_building_tests' from command line to 'False'
[0.581s] DEBUG:colcon.colcon_core.verb:Building package 'waling_algorithm' with the following arguments: {'ament_cmake_args': None, 'build_base': '/home/laksri/Projects/Jimmy/build/waling_algorithm', 'catkin_cmake_args': None, 'catkin_skip_building_tests': False, 'cmake_args': None, 'cmake_clean_cache': False, 'cmake_clean_first': False, 'cmake_force_configure': False, 'cmake_target': None, 'cmake_target_skip_unavailable': False, 'install_base': '/home/laksri/Projects/Jimmy/install/waling_algorithm', 'merge_install': False, 'path': '/home/laksri/Projects/Jimmy/src/waling_algorithm', 'symlink_install': False, 'test_result_base': None}
[0.588s] INFO:colcon.colcon_core.executor:Executing jobs using 'parallel' executor
[0.594s] DEBUG:colcon.colcon_parallel_executor.executor.parallel:run_until_complete
[0.595s] INFO:colcon.colcon_ros.task.ament_cmake.build:Building ROS package in '/home/laksri/Projects/Jimmy/src/waling_algorithm' with build type 'ament_cmake'
[0.595s] INFO:colcon.colcon_cmake.task.cmake.build:Building CMake package in '/home/laksri/Projects/Jimmy/src/waling_algorithm'
[0.602s] INFO:colcon.colcon_core.plugin_system:Skipping extension 'colcon_core.shell.bat': Not used on non-Windows systems
[0.602s] INFO:colcon.colcon_core.shell:Skip shell extension 'powershell' for command environment: Not usable outside of PowerShell
[0.602s] DEBUG:colcon.colcon_core.shell:Skip shell extension 'dsv' for command environment
[0.634s] DEBUG:colcon.colcon_core.event_handler.log_command:Invoking command in '/home/laksri/Projects/Jimmy/build/waling_algorithm': CMAKE_PREFIX_PATH=/home/laksri/Projects/RosTest/install/RosTest1:/opt/ros/humble /usr/bin/cmake --build /home/laksri/Projects/Jimmy/build/waling_algorithm -- -j16 -l16
[1.023s] DEBUG:colcon.colcon_core.event_handler.log_command:Invoked command in '/home/laksri/Projects/Jimmy/build/waling_algorithm' returned '0': CMAKE_PREFIX_PATH=/home/laksri/Projects/RosTest/install/RosTest1:/opt/ros/humble /usr/bin/cmake --build /home/laksri/Projects/Jimmy/build/waling_algorithm -- -j16 -l16
[1.047s] DEBUG:colcon.colcon_core.event_handler.log_command:Invoking command in '/home/laksri/Projects/Jimmy/build/waling_algorithm': CMAKE_PREFIX_PATH=/home/laksri/Projects/RosTest/install/RosTest1:/opt/ros/humble /usr/bin/cmake --install /home/laksri/Projects/Jimmy/build/waling_algorithm
[1.079s] Level 1:colcon.colcon_core.environment:create_environment_scripts_only(waling_algorithm)
[1.079s] DEBUG:colcon.colcon_core.event_handler.log_command:Invoked command in '/home/laksri/Projects/Jimmy/build/waling_algorithm' returned '0': CMAKE_PREFIX_PATH=/home/laksri/Projects/RosTest/install/RosTest1:/opt/ros/humble /usr/bin/cmake --install /home/laksri/Projects/Jimmy/build/waling_algorithm
[1.088s] Level 1:colcon.colcon_core.environment:checking '/home/laksri/Projects/Jimmy/install/waling_algorithm' for CMake module files
[1.088s] Level 1:colcon.colcon_core.environment:checking '/home/laksri/Projects/Jimmy/install/waling_algorithm' for CMake config files
[1.088s] Level 1:colcon.colcon_core.shell:create_environment_hook('waling_algorithm', 'cmake_prefix_path')
[1.094s] INFO:colcon.colcon_core.shell:Creating environment hook '/home/laksri/Projects/Jimmy/install/waling_algorithm/share/waling_algorithm/hook/cmake_prefix_path.ps1'
[1.095s] INFO:colcon.colcon_core.shell:Creating environment descriptor '/home/laksri/Projects/Jimmy/install/waling_algorithm/share/waling_algorithm/hook/cmake_prefix_path.dsv'
[1.096s] INFO:colcon.colcon_core.shell:Creating environment hook '/home/laksri/Projects/Jimmy/install/waling_algorithm/share/waling_algorithm/hook/cmake_prefix_path.sh'
[1.096s] Level 1:colcon.colcon_core.environment:checking '/home/laksri/Projects/Jimmy/install/waling_algorithm/lib'
[1.096s] Level 1:colcon.colcon_core.environment:checking '/home/laksri/Projects/Jimmy/install/waling_algorithm/bin'
[1.097s] Level 1:colcon.colcon_core.environment:checking '/home/laksri/Projects/Jimmy/install/waling_algorithm/lib/pkgconfig/waling_algorithm.pc'
[1.097s] Level 1:colcon.colcon_core.environment:checking '/home/laksri/Projects/Jimmy/install/waling_algorithm/lib/python3.10/site-packages'
[1.097s] Level 1:colcon.colcon_core.environment:checking '/home/laksri/Projects/Jimmy/install/waling_algorithm/bin'
[1.104s] INFO:colcon.colcon_core.shell:Creating package script '/home/laksri/Projects/Jimmy/install/waling_algorithm/share/waling_algorithm/package.ps1'
[1.104s] INFO:colcon.colcon_core.shell:Creating package descriptor '/home/laksri/Projects/Jimmy/install/waling_algorithm/share/waling_algorithm/package.dsv'
[1.104s] INFO:colcon.colcon_core.shell:Creating package script '/home/laksri/Projects/Jimmy/install/waling_algorithm/share/waling_algorithm/package.sh'
[1.105s] INFO:colcon.colcon_core.shell:Creating package script '/home/laksri/Projects/Jimmy/install/waling_algorithm/share/waling_algorithm/package.bash'
[1.105s] INFO:colcon.colcon_core.shell:Creating package script '/home/laksri/Projects/Jimmy/install/waling_algorithm/share/waling_algorithm/package.zsh'
[1.106s] Level 1:colcon.colcon_core.environment:create_file_with_runtime_dependencies(/home/laksri/Projects/Jimmy/install/waling_algorithm/share/colcon-core/packages/waling_algorithm)
[1.132s] Level 1:colcon.colcon_core.environment:create_environment_scripts_only(waling_algorithm)
[1.138s] Level 1:colcon.colcon_core.environment:checking '/home/laksri/Projects/Jimmy/install/waling_algorithm' for CMake module files
[1.138s] Level 1:colcon.colcon_core.environment:checking '/home/laksri/Projects/Jimmy/install/waling_algorithm' for CMake config files
[1.138s] Level 1:colcon.colcon_core.shell:create_environment_hook('waling_algorithm', 'cmake_prefix_path')
[1.143s] INFO:colcon.colcon_core.shell:Creating environment hook '/home/laksri/Projects/Jimmy/install/waling_algorithm/share/waling_algorithm/hook/cmake_prefix_path.ps1'
[1.144s] INFO:colcon.colcon_core.shell:Creating environment descriptor '/home/laksri/Projects/Jimmy/install/waling_algorithm/share/waling_algorithm/hook/cmake_prefix_path.dsv'
[1.144s] INFO:colcon.colcon_core.shell:Creating environment hook '/home/laksri/Projects/Jimmy/install/waling_algorithm/share/waling_algorithm/hook/cmake_prefix_path.sh'
[1.144s] Level 1:colcon.colcon_core.environment:checking '/home/laksri/Projects/Jimmy/install/waling_algorithm/lib'
[1.144s] Level 1:colcon.colcon_core.environment:checking '/home/laksri/Projects/Jimmy/install/waling_algorithm/bin'
[1.144s] Level 1:colcon.colcon_core.environment:checking '/home/laksri/Projects/Jimmy/install/waling_algorithm/lib/pkgconfig/waling_algorithm.pc'
[1.144s] Level 1:colcon.colcon_core.environment:checking '/home/laksri/Projects/Jimmy/install/waling_algorithm/lib/python3.10/site-packages'
[1.144s] Level 1:colcon.colcon_core.environment:checking '/home/laksri/Projects/Jimmy/install/waling_algorithm/bin'
[1.150s] INFO:colcon.colcon_core.shell:Creating package script '/home/laksri/Projects/Jimmy/install/waling_algorithm/share/waling_algorithm/package.ps1'
[1.150s] INFO:colcon.colcon_core.shell:Creating package descriptor '/home/laksri/Projects/Jimmy/install/waling_algorithm/share/waling_algorithm/package.dsv'
[1.150s] INFO:colcon.colcon_core.shell:Creating package script '/home/laksri/Projects/Jimmy/install/waling_algorithm/share/waling_algorithm/package.sh'
[1.151s] INFO:colcon.colcon_core.shell:Creating package script '/home/laksri/Projects/Jimmy/install/waling_algorithm/share/waling_algorithm/package.bash'
[1.151s] INFO:colcon.colcon_core.shell:Creating package script '/home/laksri/Projects/Jimmy/install/waling_algorithm/share/waling_algorithm/package.zsh'
[1.151s] Level 1:colcon.colcon_core.environment:create_file_with_runtime_dependencies(/home/laksri/Projects/Jimmy/install/waling_algorithm/share/colcon-core/packages/waling_algorithm)
[1.151s] DEBUG:colcon.colcon_parallel_executor.executor.parallel:closing loop
[1.151s] DEBUG:colcon.colcon_parallel_executor.executor.parallel:loop closed
[1.151s] DEBUG:colcon.colcon_parallel_executor.executor.parallel:run_until_complete finished with '0'
[1.151s] DEBUG:colcon.colcon_core.event_reactor:joining thread
[1.164s] INFO:colcon.colcon_core.plugin_system:Skipping extension 'colcon_notification.desktop_notification.terminal_notifier': Not used on non-Darwin systems
[1.164s] INFO:colcon.colcon_core.plugin_system:Skipping extension 'colcon_notification.desktop_notification.win32': Not used on non-Windows systems
[1.164s] INFO:colcon.colcon_notification.desktop_notification:Sending desktop notification using 'notify2'
[1.175s] DEBUG:colcon.colcon_core.event_reactor:joined thread
[1.184s] INFO:colcon.colcon_core.shell:Creating prefix script '/home/laksri/Projects/Jimmy/install/local_setup.ps1'
[1.185s] INFO:colcon.colcon_core.shell:Creating prefix util module '/home/laksri/Projects/Jimmy/install/_local_setup_util_ps1.py'
[1.187s] INFO:colcon.colcon_core.shell:Creating prefix chain script '/home/laksri/Projects/Jimmy/install/setup.ps1'
[1.195s] INFO:colcon.colcon_core.shell:Creating prefix script '/home/laksri/Projects/Jimmy/install/local_setup.sh'
[1.195s] INFO:colcon.colcon_core.shell:Creating prefix util module '/home/laksri/Projects/Jimmy/install/_local_setup_util_sh.py'
[1.196s] INFO:colcon.colcon_core.shell:Creating prefix chain script '/home/laksri/Projects/Jimmy/install/setup.sh'
[1.203s] INFO:colcon.colcon_core.shell:Creating prefix script '/home/laksri/Projects/Jimmy/install/local_setup.bash'
[1.203s] INFO:colcon.colcon_core.shell:Creating prefix chain script '/home/laksri/Projects/Jimmy/install/setup.bash'
[1.209s] INFO:colcon.colcon_core.shell:Creating prefix script '/home/laksri/Projects/Jimmy/install/local_setup.zsh'
[1.210s] INFO:colcon.colcon_core.shell:Creating prefix chain script '/home/laksri/Projects/Jimmy/install/setup.zsh'
