[0.572s] DEBUG:colcon:Command line arguments: ['/usr/bin/colcon', 'list', '-p', '--base-paths', '/home/laksri/Projects/Jimmy']
[0.572s] DEBUG:colcon:Parsed command line arguments: Namespace(log_base=None, log_level=None, verb_name='list', build_base='build', ignore_user_meta=False, metas=['./colcon.meta'], base_paths=['/home/laksri/Projects/Jimmy'], packages_ignore=None, packages_ignore_regex=None, paths=None, packages_up_to=None, packages_up_to_regex=None, packages_above=None, packages_above_and_dependencies=None, packages_above_depth=None, packages_select_by_dep=None, packages_skip_by_dep=None, packages_skip_up_to=None, packages_select_build_failed=False, packages_skip_build_finished=False, packages_select_test_failures=False, packages_skip_test_passed=False, packages_select=None, packages_skip=None, packages_select_regex=None, packages_skip_regex=None, packages_start=None, packages_end=None, allow_overriding=[], topological_order=False, names_only=False, paths_only=True, topological_graph=False, topological_graph_dot=False, topological_graph_density=False, topological_graph_legend=False, topological_graph_dot_cluster=False, topological_graph_dot_include_skipped=False, verb_parser=<colcon_defaults.argument_parser.defaults.DefaultArgumentsDecorator object at 0x7fef83980040>, verb_extension=<colcon_package_information.verb.list.ListVerb object at 0x7fef8391ad10>, main=<bound method ListVerb.main of <colcon_package_information.verb.list.ListVerb object at 0x7fef8391ad10>>)
[0.602s] Level 1:colcon.colcon_core.package_discovery:discover_packages(colcon_meta) check parameters
[0.602s] Level 1:colcon.colcon_core.package_discovery:discover_packages(recursive) check parameters
[0.602s] Level 1:colcon.colcon_core.package_discovery:discover_packages(ignore) check parameters
[0.602s] Level 1:colcon.colcon_core.package_discovery:discover_packages(path) check parameters
[0.602s] Level 1:colcon.colcon_core.package_discovery:discover_packages(recursive) discover
[0.602s] INFO:colcon.colcon_core.package_discovery:Crawling recursively for packages in '/home/laksri/Projects/Jimmy'
[0.602s] Level 1:colcon.colcon_core.package_identification:_identify(/home/laksri/Projects/Jimmy) by extensions ['ignore', 'ignore_ament_install']
[0.602s] Level 1:colcon.colcon_core.package_identification:_identify(/home/laksri/Projects/Jimmy) by extension 'ignore'
[0.602s] Level 1:colcon.colcon_core.package_identification:_identify(/home/laksri/Projects/Jimmy) by extension 'ignore_ament_install'
[0.602s] Level 1:colcon.colcon_core.package_identification:_identify(/home/laksri/Projects/Jimmy) by extensions ['colcon_pkg']
[0.602s] Level 1:colcon.colcon_core.package_identification:_identify(/home/laksri/Projects/Jimmy) by extension 'colcon_pkg'
[0.602s] Level 1:colcon.colcon_core.package_identification:_identify(/home/laksri/Projects/Jimmy) by extensions ['colcon_meta']
[0.602s] Level 1:colcon.colcon_core.package_identification:_identify(/home/laksri/Projects/Jimmy) by extension 'colcon_meta'
[0.602s] Level 1:colcon.colcon_core.package_identification:_identify(/home/laksri/Projects/Jimmy) by extensions ['ros']
[0.602s] Level 1:colcon.colcon_core.package_identification:_identify(/home/laksri/Projects/Jimmy) by extension 'ros'
[0.611s] Level 1:colcon.colcon_core.package_identification:_identify(/home/laksri/Projects/Jimmy) by extensions ['cmake', 'python']
[0.611s] Level 1:colcon.colcon_core.package_identification:_identify(/home/laksri/Projects/Jimmy) by extension 'cmake'
[0.611s] Level 1:colcon.colcon_core.package_identification:_identify(/home/laksri/Projects/Jimmy) by extension 'python'
[0.611s] Level 1:colcon.colcon_core.package_identification:_identify(/home/laksri/Projects/Jimmy) by extensions ['python_setup_py']
[0.611s] Level 1:colcon.colcon_core.package_identification:_identify(/home/laksri/Projects/Jimmy) by extension 'python_setup_py'
[0.611s] Level 1:colcon.colcon_core.package_identification:_identify(/home/laksri/Projects/Jimmy/build) by extensions ['ignore', 'ignore_ament_install']
[0.611s] Level 1:colcon.colcon_core.package_identification:_identify(/home/laksri/Projects/Jimmy/build) by extension 'ignore'
[0.611s] Level 1:colcon.colcon_core.package_identification:_identify(/home/laksri/Projects/Jimmy/build) ignored
[0.611s] Level 1:colcon.colcon_core.package_identification:_identify(/home/laksri/Projects/Jimmy/install) by extensions ['ignore', 'ignore_ament_install']
[0.611s] Level 1:colcon.colcon_core.package_identification:_identify(/home/laksri/Projects/Jimmy/install) by extension 'ignore'
[0.611s] Level 1:colcon.colcon_core.package_identification:_identify(/home/laksri/Projects/Jimmy/install) ignored
[0.611s] Level 1:colcon.colcon_core.package_identification:_identify(/home/laksri/Projects/Jimmy/log) by extensions ['ignore', 'ignore_ament_install']
[0.611s] Level 1:colcon.colcon_core.package_identification:_identify(/home/laksri/Projects/Jimmy/log) by extension 'ignore'
[0.612s] Level 1:colcon.colcon_core.package_identification:_identify(/home/laksri/Projects/Jimmy/log) ignored
[0.612s] Level 1:colcon.colcon_core.package_identification:_identify(/home/laksri/Projects/Jimmy/src) by extensions ['ignore', 'ignore_ament_install']
[0.612s] Level 1:colcon.colcon_core.package_identification:_identify(/home/laksri/Projects/Jimmy/src) by extension 'ignore'
[0.612s] Level 1:colcon.colcon_core.package_identification:_identify(/home/laksri/Projects/Jimmy/src) by extension 'ignore_ament_install'
[0.612s] Level 1:colcon.colcon_core.package_identification:_identify(/home/laksri/Projects/Jimmy/src) by extensions ['colcon_pkg']
[0.612s] Level 1:colcon.colcon_core.package_identification:_identify(/home/laksri/Projects/Jimmy/src) by extension 'colcon_pkg'
[0.612s] Level 1:colcon.colcon_core.package_identification:_identify(/home/laksri/Projects/Jimmy/src) by extensions ['colcon_meta']
[0.612s] Level 1:colcon.colcon_core.package_identification:_identify(/home/laksri/Projects/Jimmy/src) by extension 'colcon_meta'
[0.612s] Level 1:colcon.colcon_core.package_identification:_identify(/home/laksri/Projects/Jimmy/src) by extensions ['ros']
[0.612s] Level 1:colcon.colcon_core.package_identification:_identify(/home/laksri/Projects/Jimmy/src) by extension 'ros'
[0.612s] Level 1:colcon.colcon_core.package_identification:_identify(/home/laksri/Projects/Jimmy/src) by extensions ['cmake', 'python']
[0.612s] Level 1:colcon.colcon_core.package_identification:_identify(/home/laksri/Projects/Jimmy/src) by extension 'cmake'
[0.612s] Level 1:colcon.colcon_core.package_identification:_identify(/home/laksri/Projects/Jimmy/src) by extension 'python'
[0.612s] Level 1:colcon.colcon_core.package_identification:_identify(/home/laksri/Projects/Jimmy/src) by extensions ['python_setup_py']
[0.612s] Level 1:colcon.colcon_core.package_identification:_identify(/home/laksri/Projects/Jimmy/src) by extension 'python_setup_py'
[0.612s] Level 1:colcon.colcon_core.package_identification:_identify(/home/laksri/Projects/Jimmy/src/waling_algorithm) by extensions ['ignore', 'ignore_ament_install']
[0.612s] Level 1:colcon.colcon_core.package_identification:_identify(/home/laksri/Projects/Jimmy/src/waling_algorithm) by extension 'ignore'
[0.612s] Level 1:colcon.colcon_core.package_identification:_identify(/home/laksri/Projects/Jimmy/src/waling_algorithm) by extension 'ignore_ament_install'
[0.612s] Level 1:colcon.colcon_core.package_identification:_identify(/home/laksri/Projects/Jimmy/src/waling_algorithm) by extensions ['colcon_pkg']
[0.612s] Level 1:colcon.colcon_core.package_identification:_identify(/home/laksri/Projects/Jimmy/src/waling_algorithm) by extension 'colcon_pkg'
[0.612s] Level 1:colcon.colcon_core.package_identification:_identify(/home/laksri/Projects/Jimmy/src/waling_algorithm) by extensions ['colcon_meta']
[0.612s] Level 1:colcon.colcon_core.package_identification:_identify(/home/laksri/Projects/Jimmy/src/waling_algorithm) by extension 'colcon_meta'
[0.612s] Level 1:colcon.colcon_core.package_identification:_identify(/home/laksri/Projects/Jimmy/src/waling_algorithm) by extensions ['ros']
[0.613s] Level 1:colcon.colcon_core.package_identification:_identify(/home/laksri/Projects/Jimmy/src/waling_algorithm) by extension 'ros'
[0.614s] DEBUG:colcon.colcon_core.package_identification:Package '/home/laksri/Projects/Jimmy/src/waling_algorithm' with type 'ros.ament_cmake' and name 'waling_algorithm'
[0.614s] Level 1:colcon.colcon_core.package_discovery:discover_packages(recursive) using defaults
