[0.190s] Invoking command in '/home/laksri/Projects/Jimmy/build/waling_algorithm': CMAKE_PREFIX_PATH=/home/laksri/Projects/RosTest/install/RosTest1:/opt/ros/humble /usr/bin/cmake --build /home/laksri/Projects/Jimmy/build/waling_algorithm -- -j16 -l16
[0.219s] Built target ament_cmake_python_symlink_scripts
[0.349s] running egg_info
[0.349s] writing scripts.egg-info/PKG-INFO
[0.349s] writing dependency_links to scripts.egg-info/dependency_links.txt
[0.349s] writing top-level names to scripts.egg-info/top_level.txt
[0.351s] reading manifest file 'scripts.egg-info/SOURCES.txt'
[0.351s] writing manifest file 'scripts.egg-info/SOURCES.txt'
[0.366s] Built target ament_cmake_python_build_scripts_egg
[0.373s] Invoked command in '/home/laksri/Projects/Jimmy/build/waling_algorithm' returned '0': CMAKE_PREFIX_PATH=/home/laksri/Projects/RosTest/install/RosTest1:/opt/ros/humble /usr/bin/cmake --build /home/laksri/Projects/Jimmy/build/waling_algorithm -- -j16 -l16
[0.393s] Invoking command in '/home/laksri/Projects/Jimmy/build/waling_algorithm': CMAKE_PREFIX_PATH=/home/laksri/Projects/RosTest/install/RosTest1:/opt/ros/humble /usr/bin/cmake --install /home/laksri/Projects/Jimmy/build/waling_algorithm
[0.397s] -- Install configuration: ""
[0.398s] -- Execute custom install script
[0.398s] -- Up-to-date symlink: /home/laksri/Projects/Jimmy/install/waling_algorithm/share/waling_algorithm/environment/pythonpath.sh
[0.398s] -- Up-to-date symlink: /home/laksri/Projects/Jimmy/install/waling_algorithm/share/waling_algorithm/environment/pythonpath.dsv
[0.398s] -- Up-to-date symlink: /home/laksri/Projects/Jimmy/install/waling_algorithm/local/lib/python3.10/dist-packages/scripts-0.0.0-py3.10.egg-info/PKG-INFO
[0.398s] -- Up-to-date symlink: /home/laksri/Projects/Jimmy/install/waling_algorithm/local/lib/python3.10/dist-packages/scripts-0.0.0-py3.10.egg-info/SOURCES.txt
[0.398s] -- Up-to-date symlink: /home/laksri/Projects/Jimmy/install/waling_algorithm/local/lib/python3.10/dist-packages/scripts-0.0.0-py3.10.egg-info/dependency_links.txt
[0.398s] -- Up-to-date symlink: /home/laksri/Projects/Jimmy/install/waling_algorithm/local/lib/python3.10/dist-packages/scripts-0.0.0-py3.10.egg-info/top_level.txt
[0.398s] -- Up-to-date symlink: /home/laksri/Projects/Jimmy/install/waling_algorithm/local/lib/python3.10/dist-packages/scripts/__init__.py
[0.398s] -- Up-to-date symlink: /home/laksri/Projects/Jimmy/install/waling_algorithm/local/lib/python3.10/dist-packages/scripts/publisher.py
[0.398s] -- Up-to-date symlink: /home/laksri/Projects/Jimmy/install/waling_algorithm/local/lib/python3.10/dist-packages/scripts/subscriber.py
[0.399s] -- Up-to-date symlink: /home/laksri/Projects/Jimmy/install/waling_algorithm/lib/waling_algorithm/publisher.py
[0.399s] -- Up-to-date symlink: /home/laksri/Projects/Jimmy/install/waling_algorithm/lib/waling_algorithm/subscriber.py
[0.399s] -- Up-to-date symlink: /home/laksri/Projects/Jimmy/install/waling_algorithm/share/ament_index/resource_index/package_run_dependencies/waling_algorithm
[0.399s] -- Up-to-date symlink: /home/laksri/Projects/Jimmy/install/waling_algorithm/share/ament_index/resource_index/parent_prefix_path/waling_algorithm
[0.399s] -- Up-to-date symlink: /home/laksri/Projects/Jimmy/install/waling_algorithm/share/waling_algorithm/environment/ament_prefix_path.sh
[0.399s] -- Up-to-date symlink: /home/laksri/Projects/Jimmy/install/waling_algorithm/share/waling_algorithm/environment/ament_prefix_path.dsv
[0.399s] -- Up-to-date symlink: /home/laksri/Projects/Jimmy/install/waling_algorithm/share/waling_algorithm/environment/path.sh
[0.399s] -- Up-to-date symlink: /home/laksri/Projects/Jimmy/install/waling_algorithm/share/waling_algorithm/environment/path.dsv
[0.399s] -- Up-to-date symlink: /home/laksri/Projects/Jimmy/install/waling_algorithm/share/waling_algorithm/local_setup.bash
[0.399s] -- Up-to-date symlink: /home/laksri/Projects/Jimmy/install/waling_algorithm/share/waling_algorithm/local_setup.sh
[0.399s] -- Up-to-date symlink: /home/laksri/Projects/Jimmy/install/waling_algorithm/share/waling_algorithm/local_setup.zsh
[0.399s] -- Up-to-date symlink: /home/laksri/Projects/Jimmy/install/waling_algorithm/share/waling_algorithm/local_setup.dsv
[0.399s] -- Symlinking: /home/laksri/Projects/Jimmy/install/waling_algorithm/share/waling_algorithm/package.dsv
[0.404s] -- Up-to-date symlink: /home/laksri/Projects/Jimmy/install/waling_algorithm/share/ament_index/resource_index/packages/waling_algorithm
[0.404s] -- Up-to-date symlink: /home/laksri/Projects/Jimmy/install/waling_algorithm/share/waling_algorithm/cmake/waling_algorithmConfig.cmake
[0.404s] -- Up-to-date symlink: /home/laksri/Projects/Jimmy/install/waling_algorithm/share/waling_algorithm/cmake/waling_algorithmConfig-version.cmake
[0.404s] -- Up-to-date symlink: /home/laksri/Projects/Jimmy/install/waling_algorithm/share/waling_algorithm/package.xml
[0.421s] Listing '/home/laksri/Projects/Jimmy/install/waling_algorithm/local/lib/python3.10/dist-packages/scripts'...
[0.425s] Invoked command in '/home/laksri/Projects/Jimmy/build/waling_algorithm' returned '0': CMAKE_PREFIX_PATH=/home/laksri/Projects/RosTest/install/RosTest1:/opt/ros/humble /usr/bin/cmake --install /home/laksri/Projects/Jimmy/build/waling_algorithm
