-- The C compiler identification is GNU 11.4.0
-- The CXX compiler identification is GNU 11.4.0
-- Detecting C compiler ABI info
-- Detecting C compiler ABI info - done
-- Check for working C compiler: /usr/bin/cc - skipped
-- Detecting C compile features
-- Detecting C compile features - done
-- Detecting CXX compiler ABI info
-- Detecting CXX compiler ABI info - done
-- Check for working CXX compiler: /usr/bin/c++ - skipped
-- Detecting CXX compile features
-- Detecting CXX compile features - done
-- Found ament_cmake: 1.3.5 (/opt/ros/humble/share/ament_cmake/cmake)
-- Found Python3: /usr/bin/python3.10 (found version "3.10.12") found components: Interpreter 
-- Found ament_lint_auto: 0.12.8 (/opt/ros/humble/share/ament_lint_auto/cmake)
-- Added test 'lint_cmake' to check CMake code style
-- Added test 'xmllint' to check XML markup files
-- Configuring done
-- Generating done
-- Build files have been written to: /home/laksri/Projects/Jimmy/build/waling_algorithm
-- Install configuration: ""
-- Installing: /home/laksri/Projects/Jimmy/install/waling_algorithm/share/ament_index/resource_index/package_run_dependencies/waling_algorithm
-- Installing: /home/laksri/Projects/Jimmy/install/waling_algorithm/share/ament_index/resource_index/parent_prefix_path/waling_algorithm
-- Installing: /home/laksri/Projects/Jimmy/install/waling_algorithm/share/waling_algorithm/environment/ament_prefix_path.sh
-- Installing: /home/laksri/Projects/Jimmy/install/waling_algorithm/share/waling_algorithm/environment/ament_prefix_path.dsv
-- Installing: /home/laksri/Projects/Jimmy/install/waling_algorithm/share/waling_algorithm/environment/path.sh
-- Installing: /home/laksri/Projects/Jimmy/install/waling_algorithm/share/waling_algorithm/environment/path.dsv
-- Installing: /home/laksri/Projects/Jimmy/install/waling_algorithm/share/waling_algorithm/local_setup.bash
-- Installing: /home/laksri/Projects/Jimmy/install/waling_algorithm/share/waling_algorithm/local_setup.sh
-- Installing: /home/laksri/Projects/Jimmy/install/waling_algorithm/share/waling_algorithm/local_setup.zsh
-- Installing: /home/laksri/Projects/Jimmy/install/waling_algorithm/share/waling_algorithm/local_setup.dsv
-- Installing: /home/laksri/Projects/Jimmy/install/waling_algorithm/share/waling_algorithm/package.dsv
-- Installing: /home/laksri/Projects/Jimmy/install/waling_algorithm/share/ament_index/resource_index/packages/waling_algorithm
-- Installing: /home/laksri/Projects/Jimmy/install/waling_algorithm/share/waling_algorithm/cmake/waling_algorithmConfig.cmake
-- Installing: /home/laksri/Projects/Jimmy/install/waling_algorithm/share/waling_algorithm/cmake/waling_algorithmConfig-version.cmake
-- Installing: /home/laksri/Projects/Jimmy/install/waling_algorithm/share/waling_algorithm/package.xml
