[0.467s] Invoking command in '/home/laksri/Projects/Jimmy/build/my_py_pkg': PYTHONPATH=/home/laksri/Projects/Jimmy/build/my_py_pkg/prefix_override:/home/laksri/Projects/Jimmy/install/my_py_pkg/lib/python3.10/site-packages:${PYTHONPATH} /usr/bin/python3 setup.py develop --editable --build-directory /home/laksri/Projects/Jimmy/build/my_py_pkg/build --no-deps install_data
[0.605s] running develop
[0.678s] running egg_info
[0.679s] creating my_py_pkg.egg-info
[0.679s] writing my_py_pkg.egg-info/PKG-INFO
[0.679s] writing dependency_links to my_py_pkg.egg-info/dependency_links.txt
[0.679s] writing entry points to my_py_pkg.egg-info/entry_points.txt
[0.679s] writing requirements to my_py_pkg.egg-info/requires.txt
[0.679s] writing top-level names to my_py_pkg.egg-info/top_level.txt
[0.679s] writing manifest file 'my_py_pkg.egg-info/SOURCES.txt'
[0.680s] reading manifest file 'my_py_pkg.egg-info/SOURCES.txt'
[0.680s] writing manifest file 'my_py_pkg.egg-info/SOURCES.txt'
[0.681s] running build_ext
[0.681s] Creating /home/laksri/Projects/Jimmy/install/my_py_pkg/lib/python3.10/site-packages/my-py-pkg.egg-link (link to .)
[0.681s] Installing my_publisher script to /home/laksri/Projects/Jimmy/install/my_py_pkg/lib/my_py_pkg
[0.681s] Installing  speed_calc_nodescriber script to /home/laksri/Projects/Jimmy/install/my_py_pkg/lib/my_py_pkg
[0.681s] 
[0.682s] Installed /home/laksri/Projects/Jimmy/build/my_py_pkg
[0.682s] running install_data
[0.682s] creating /home/laksri/Projects/Jimmy/install/my_py_pkg/share/ament_index
[0.682s] creating /home/laksri/Projects/Jimmy/install/my_py_pkg/share/ament_index/resource_index
[0.682s] creating /home/laksri/Projects/Jimmy/install/my_py_pkg/share/ament_index/resource_index/packages
[0.682s] copying resource/my_py_pkg -> /home/laksri/Projects/Jimmy/install/my_py_pkg/share/ament_index/resource_index/packages
[0.682s] copying package.xml -> /home/laksri/Projects/Jimmy/install/my_py_pkg/share/my_py_pkg
[0.699s] Invoked command in '/home/laksri/Projects/Jimmy/build/my_py_pkg' returned '0': PYTHONPATH=/home/laksri/Projects/Jimmy/build/my_py_pkg/prefix_override:/home/laksri/Projects/Jimmy/install/my_py_pkg/lib/python3.10/site-packages:${PYTHONPATH} /usr/bin/python3 setup.py develop --editable --build-directory /home/laksri/Projects/Jimmy/build/my_py_pkg/build --no-deps install_data
