-- Found ament_cmake: 1.3.5 (/opt/ros/humble/share/ament_cmake/cmake)
-- Found rclpy: 3.3.10 (/opt/ros/humble/share/rclpy/cmake)
-- Found ament_lint_auto: 0.12.8 (/opt/ros/humble/share/ament_lint_auto/cmake)
-- Added test 'flake8' to check Python code syntax and style conventions
-- Added test 'lint_cmake' to check CMake code style
-- Added test 'pep257' to check Python code against some of the docstring style conventions in PEP 257
-- Added test 'xmllint' to check XML markup files
-- Configuring done
-- Generating done
-- Build files have been written to: /home/laksri/Projects/Jimmy/build/waling_algorithm
Built target ament_cmake_python_copy_scripts
running egg_info
creating scripts.egg-info
writing scripts.egg-info/PKG-INFO
writing dependency_links to scripts.egg-info/dependency_links.txt
writing top-level names to scripts.egg-info/top_level.txt
writing manifest file 'scripts.egg-info/SOURCES.txt'
reading manifest file 'scripts.egg-info/SOURCES.txt'
writing manifest file 'scripts.egg-info/SOURCES.txt'
Built target ament_cmake_python_build_scripts_egg
-- Install configuration: ""
-- Installing: /home/laksri/Projects/Jimmy/install/waling_algorithm/share/waling_algorithm/environment/pythonpath.sh
-- Installing: /home/laksri/Projects/Jimmy/install/waling_algorithm/share/waling_algorithm/environment/pythonpath.dsv
-- Installing: /home/laksri/Projects/Jimmy/install/waling_algorithm/local/lib/python3.10/dist-packages/scripts-0.0.0-py3.10.egg-info
-- Installing: /home/laksri/Projects/Jimmy/install/waling_algorithm/local/lib/python3.10/dist-packages/scripts-0.0.0-py3.10.egg-info/SOURCES.txt
-- Installing: /home/laksri/Projects/Jimmy/install/waling_algorithm/local/lib/python3.10/dist-packages/scripts-0.0.0-py3.10.egg-info/top_level.txt
-- Installing: /home/laksri/Projects/Jimmy/install/waling_algorithm/local/lib/python3.10/dist-packages/scripts-0.0.0-py3.10.egg-info/PKG-INFO
-- Installing: /home/laksri/Projects/Jimmy/install/waling_algorithm/local/lib/python3.10/dist-packages/scripts-0.0.0-py3.10.egg-info/dependency_links.txt
-- Installing: /home/laksri/Projects/Jimmy/install/waling_algorithm/local/lib/python3.10/dist-packages/scripts
-- Installing: /home/laksri/Projects/Jimmy/install/waling_algorithm/local/lib/python3.10/dist-packages/scripts/__init__.py
-- Installing: /home/laksri/Projects/Jimmy/install/waling_algorithm/local/lib/python3.10/dist-packages/scripts/publisher.py
-- Installing: /home/laksri/Projects/Jimmy/install/waling_algorithm/local/lib/python3.10/dist-packages/scripts/subscriber.py
Listing '/home/laksri/Projects/Jimmy/install/waling_algorithm/local/lib/python3.10/dist-packages/scripts'...
Compiling '/home/laksri/Projects/Jimmy/install/waling_algorithm/local/lib/python3.10/dist-packages/scripts/__init__.py'...
Compiling '/home/laksri/Projects/Jimmy/install/waling_algorithm/local/lib/python3.10/dist-packages/scripts/publisher.py'...
Compiling '/home/laksri/Projects/Jimmy/install/waling_algorithm/local/lib/python3.10/dist-packages/scripts/subscriber.py'...
-- Installing: /home/laksri/Projects/Jimmy/install/waling_algorithm/lib/waling_algorithm/publisher.py
-- Installing: /home/laksri/Projects/Jimmy/install/waling_algorithm/lib/waling_algorithm/subscriber.py
-- Installing: /home/laksri/Projects/Jimmy/install/waling_algorithm/share/ament_index/resource_index/package_run_dependencies/waling_algorithm
-- Up-to-date: /home/laksri/Projects/Jimmy/install/waling_algorithm/share/ament_index/resource_index/parent_prefix_path/waling_algorithm
-- Up-to-date: /home/laksri/Projects/Jimmy/install/waling_algorithm/share/waling_algorithm/environment/ament_prefix_path.sh
-- Installing: /home/laksri/Projects/Jimmy/install/waling_algorithm/share/waling_algorithm/environment/ament_prefix_path.dsv
-- Up-to-date: /home/laksri/Projects/Jimmy/install/waling_algorithm/share/waling_algorithm/environment/path.sh
-- Installing: /home/laksri/Projects/Jimmy/install/waling_algorithm/share/waling_algorithm/environment/path.dsv
-- Up-to-date: /home/laksri/Projects/Jimmy/install/waling_algorithm/share/waling_algorithm/local_setup.bash
-- Installing: /home/laksri/Projects/Jimmy/install/waling_algorithm/share/waling_algorithm/local_setup.sh
-- Up-to-date: /home/laksri/Projects/Jimmy/install/waling_algorithm/share/waling_algorithm/local_setup.zsh
-- Installing: /home/laksri/Projects/Jimmy/install/waling_algorithm/share/waling_algorithm/local_setup.dsv
-- Installing: /home/laksri/Projects/Jimmy/install/waling_algorithm/share/waling_algorithm/package.dsv
-- Up-to-date: /home/laksri/Projects/Jimmy/install/waling_algorithm/share/ament_index/resource_index/packages/waling_algorithm
-- Up-to-date: /home/laksri/Projects/Jimmy/install/waling_algorithm/share/waling_algorithm/cmake/waling_algorithmConfig.cmake
-- Up-to-date: /home/laksri/Projects/Jimmy/install/waling_algorithm/share/waling_algorithm/cmake/waling_algorithmConfig-version.cmake
-- Installing: /home/laksri/Projects/Jimmy/install/waling_algorithm/share/waling_algorithm/package.xml
