[0.198s] Invoking command in '/home/laksri/Projects/Jimmy/build/waling_algorithm': CMAKE_PREFIX_PATH=/home/laksri/Projects/RosTest/install/RosTest1:/opt/ros/humble /usr/bin/cmake --build /home/laksri/Projects/Jimmy/build/waling_algorithm -- -j16 -l16
[0.211s] -- Found ament_cmake: 1.3.5 (/opt/ros/humble/share/ament_cmake/cmake)
[0.296s] -- Override CMake install command with custom implementation using symlinks instead of copying resources
[0.300s] -- Found rclpy: 3.3.10 (/opt/ros/humble/share/rclpy/cmake)
[0.337s] -- Found ament_lint_auto: 0.12.8 (/opt/ros/humble/share/ament_lint_auto/cmake)
[0.377s] -- Added test 'flake8' to check Python code syntax and style conventions
[0.377s] -- Added test 'lint_cmake' to check CMake code style
[0.378s] -- Added test 'pep257' to check Python code against some of the docstring style conventions in PEP 257
[0.378s] -- Added test 'xmllint' to check XML markup files
[0.378s] -- Configuring done
[0.380s] -- Generating done
[0.381s] -- Build files have been written to: /home/laksri/Projects/Jimmy/build/waling_algorithm
[0.405s] Built target ament_cmake_python_symlink_scripts
[0.548s] running egg_info
[0.549s] writing scripts.egg-info/PKG-INFO
[0.549s] writing dependency_links to scripts.egg-info/dependency_links.txt
[0.549s] writing top-level names to scripts.egg-info/top_level.txt
[0.550s] reading manifest file 'scripts.egg-info/SOURCES.txt'
[0.551s] writing manifest file 'scripts.egg-info/SOURCES.txt'
[0.567s] Built target ament_cmake_python_build_scripts_egg
[0.574s] Invoked command in '/home/laksri/Projects/Jimmy/build/waling_algorithm' returned '0': CMAKE_PREFIX_PATH=/home/laksri/Projects/RosTest/install/RosTest1:/opt/ros/humble /usr/bin/cmake --build /home/laksri/Projects/Jimmy/build/waling_algorithm -- -j16 -l16
[0.594s] Invoking command in '/home/laksri/Projects/Jimmy/build/waling_algorithm': CMAKE_PREFIX_PATH=/home/laksri/Projects/RosTest/install/RosTest1:/opt/ros/humble /usr/bin/cmake --install /home/laksri/Projects/Jimmy/build/waling_algorithm
[0.598s] -- Install configuration: ""
[0.598s] -- Execute custom install script
[0.598s] -- Up-to-date symlink: /home/laksri/Projects/Jimmy/install/waling_algorithm/share/waling_algorithm/environment/pythonpath.sh
[0.598s] -- Up-to-date symlink: /home/laksri/Projects/Jimmy/install/waling_algorithm/share/waling_algorithm/environment/pythonpath.dsv
[0.598s] -- Up-to-date symlink: /home/laksri/Projects/Jimmy/install/waling_algorithm/local/lib/python3.10/dist-packages/scripts-0.0.0-py3.10.egg-info/PKG-INFO
[0.599s] -- Up-to-date symlink: /home/laksri/Projects/Jimmy/install/waling_algorithm/local/lib/python3.10/dist-packages/scripts-0.0.0-py3.10.egg-info/SOURCES.txt
[0.599s] -- Up-to-date symlink: /home/laksri/Projects/Jimmy/install/waling_algorithm/local/lib/python3.10/dist-packages/scripts-0.0.0-py3.10.egg-info/dependency_links.txt
[0.599s] -- Up-to-date symlink: /home/laksri/Projects/Jimmy/install/waling_algorithm/local/lib/python3.10/dist-packages/scripts-0.0.0-py3.10.egg-info/top_level.txt
[0.599s] -- Up-to-date symlink: /home/laksri/Projects/Jimmy/install/waling_algorithm/local/lib/python3.10/dist-packages/scripts/__init__.py
[0.599s] -- Up-to-date symlink: /home/laksri/Projects/Jimmy/install/waling_algorithm/local/lib/python3.10/dist-packages/scripts/publisher.py
[0.599s] -- Up-to-date symlink: /home/laksri/Projects/Jimmy/install/waling_algorithm/local/lib/python3.10/dist-packages/scripts/rpm_pub.py
[0.599s] -- Symlinking: /home/laksri/Projects/Jimmy/install/waling_algorithm/local/lib/python3.10/dist-packages/scripts/speed_clc.py
[0.604s] -- Up-to-date symlink: /home/laksri/Projects/Jimmy/install/waling_algorithm/local/lib/python3.10/dist-packages/scripts/subscriber.py
[0.604s] -- Up-to-date symlink: /home/laksri/Projects/Jimmy/install/waling_algorithm/lib/waling_algorithm/publisher.py
[0.604s] -- Up-to-date symlink: /home/laksri/Projects/Jimmy/install/waling_algorithm/lib/waling_algorithm/subscriber.py
[0.604s] -- Up-to-date symlink: /home/laksri/Projects/Jimmy/install/waling_algorithm/lib/waling_algorithm/rpm_pub.py
[0.604s] -- Symlinking: /home/laksri/Projects/Jimmy/install/waling_algorithm/lib/waling_algorithm/speed_clc.py
[0.609s] -- Up-to-date symlink: /home/laksri/Projects/Jimmy/install/waling_algorithm/share/ament_index/resource_index/package_run_dependencies/waling_algorithm
[0.609s] -- Up-to-date symlink: /home/laksri/Projects/Jimmy/install/waling_algorithm/share/ament_index/resource_index/parent_prefix_path/waling_algorithm
[0.609s] -- Up-to-date symlink: /home/laksri/Projects/Jimmy/install/waling_algorithm/share/waling_algorithm/environment/ament_prefix_path.sh
[0.609s] -- Up-to-date symlink: /home/laksri/Projects/Jimmy/install/waling_algorithm/share/waling_algorithm/environment/ament_prefix_path.dsv
[0.609s] -- Up-to-date symlink: /home/laksri/Projects/Jimmy/install/waling_algorithm/share/waling_algorithm/environment/path.sh
[0.609s] -- Up-to-date symlink: /home/laksri/Projects/Jimmy/install/waling_algorithm/share/waling_algorithm/environment/path.dsv
[0.609s] -- Up-to-date symlink: /home/laksri/Projects/Jimmy/install/waling_algorithm/share/waling_algorithm/local_setup.bash
[0.609s] -- Up-to-date symlink: /home/laksri/Projects/Jimmy/install/waling_algorithm/share/waling_algorithm/local_setup.sh
[0.609s] -- Up-to-date symlink: /home/laksri/Projects/Jimmy/install/waling_algorithm/share/waling_algorithm/local_setup.zsh
[0.609s] -- Up-to-date symlink: /home/laksri/Projects/Jimmy/install/waling_algorithm/share/waling_algorithm/local_setup.dsv
[0.610s] -- Symlinking: /home/laksri/Projects/Jimmy/install/waling_algorithm/share/waling_algorithm/package.dsv
[0.614s] -- Up-to-date symlink: /home/laksri/Projects/Jimmy/install/waling_algorithm/share/ament_index/resource_index/packages/waling_algorithm
[0.615s] -- Up-to-date symlink: /home/laksri/Projects/Jimmy/install/waling_algorithm/share/waling_algorithm/cmake/waling_algorithmConfig.cmake
[0.615s] -- Up-to-date symlink: /home/laksri/Projects/Jimmy/install/waling_algorithm/share/waling_algorithm/cmake/waling_algorithmConfig-version.cmake
[0.615s] -- Up-to-date symlink: /home/laksri/Projects/Jimmy/install/waling_algorithm/share/waling_algorithm/package.xml
[0.634s] Listing '/home/laksri/Projects/Jimmy/install/waling_algorithm/local/lib/python3.10/dist-packages/scripts'...
[0.634s] Compiling '/home/laksri/Projects/Jimmy/install/waling_algorithm/local/lib/python3.10/dist-packages/scripts/speed_clc.py'...
[0.634s] *** Sorry: IndentationError: unexpected indent (speed_clc.py, line 23)
[0.634s] Compiling '/home/laksri/Projects/Jimmy/install/waling_algorithm/local/lib/python3.10/dist-packages/scripts/subscriber.py'...
[0.634s] *** Sorry: IndentationError: unexpected indent (subscriber.py, line 17)
[0.638s] Invoked command in '/home/laksri/Projects/Jimmy/build/waling_algorithm' returned '0': CMAKE_PREFIX_PATH=/home/laksri/Projects/RosTest/install/RosTest1:/opt/ros/humble /usr/bin/cmake --install /home/laksri/Projects/Jimmy/build/waling_algorithm
